\BOOKMARK [0][-]{chapter.1}{corrfitter - Least-Squares Fit to Correlators}{}% 1
\BOOKMARK [1][-]{section.1.1}{Introduction}{chapter.1}% 2
\BOOKMARK [1][-]{section.1.2}{Basic Fits}{chapter.1}% 3
\BOOKMARK [1][-]{section.1.3}{Faster Fits}{chapter.1}% 4
\BOOKMARK [1][-]{section.1.4}{Faster Fits \204 Postive Parameters}{chapter.1}% 5
\BOOKMARK [1][-]{section.1.5}{Faster Fits \204 Marginalization}{chapter.1}% 6
\BOOKMARK [1][-]{section.1.6}{Faster Fits \204 Chained Fits}{chapter.1}% 7
\BOOKMARK [1][-]{section.1.7}{Faster Fits \204 Faster Fitters}{chapter.1}% 8
\BOOKMARK [1][-]{section.1.8}{Faster Fits \204 Processed Datasets}{chapter.1}% 9
\BOOKMARK [1][-]{section.1.9}{Variations}{chapter.1}% 10
\BOOKMARK [1][-]{section.1.10}{Very Fast \(But Limited\) Fits}{chapter.1}% 11
\BOOKMARK [1][-]{section.1.11}{3-Point Correlators}{chapter.1}% 12
\BOOKMARK [1][-]{section.1.12}{Testing Fits with Simulated Data}{chapter.1}% 13
\BOOKMARK [1][-]{section.1.13}{Bootstrap Analyses}{chapter.1}% 14
\BOOKMARK [1][-]{section.1.14}{Implementation}{chapter.1}% 15
\BOOKMARK [1][-]{section.1.15}{Correlator Model Objects}{chapter.1}% 16
\BOOKMARK [1][-]{section.1.16}{corrfitter.CorrFitter Objects}{chapter.1}% 17
\BOOKMARK [1][-]{section.1.17}{corrfitter.EigenBasis Objects}{chapter.1}% 18
\BOOKMARK [1][-]{section.1.18}{Fast Fit Objects}{chapter.1}% 19
\BOOKMARK [0][-]{chapter.2}{Annotated Example: Two-Point Correlator}{}% 20
\BOOKMARK [1][-]{section.2.1}{Introduction}{chapter.2}% 21
\BOOKMARK [1][-]{section.2.2}{Code}{chapter.2}% 22
\BOOKMARK [1][-]{section.2.3}{Results}{chapter.2}% 23
\BOOKMARK [1][-]{section.2.4}{Correlated Data?}{chapter.2}% 24
\BOOKMARK [1][-]{section.2.5}{Fast Fit and Effective Mass}{chapter.2}% 25
\BOOKMARK [0][-]{chapter.3}{Annotated Example: Transition Form Factor and Mixing}{}% 26
\BOOKMARK [1][-]{section.3.1}{Introduction}{chapter.3}% 27
\BOOKMARK [1][-]{section.3.2}{Code}{chapter.3}% 28
\BOOKMARK [1][-]{section.3.3}{Results}{chapter.3}% 29
\BOOKMARK [1][-]{section.3.4}{Variation: Marginalization}{chapter.3}% 30
\BOOKMARK [1][-]{section.3.5}{Variation: Chained Fit}{chapter.3}% 31
\BOOKMARK [1][-]{section.3.6}{Test the Analysis}{chapter.3}% 32
\BOOKMARK [1][-]{section.3.7}{Mixing}{chapter.3}% 33
\BOOKMARK [0][-]{chapter.4}{Annotated Example: Matrix Correlator}{}% 34
\BOOKMARK [1][-]{section.4.1}{Introduction}{chapter.4}% 35
\BOOKMARK [1][-]{section.4.2}{Code}{chapter.4}% 36
\BOOKMARK [1][-]{section.4.3}{Results}{chapter.4}% 37
\BOOKMARK [1][-]{section.4.4}{Fit Stability}{chapter.4}% 38
\BOOKMARK [1][-]{section.4.5}{Alternative Organization}{chapter.4}% 39
\BOOKMARK [0][-]{chapter.5}{Indices and tables}{}% 40
\BOOKMARK [0][-]{section*.33}{Python Module Index}{}% 41
\BOOKMARK [0][-]{section*.34}{Index}{}% 42
