This file contains any messages produced by compilers while
running configure, to aid debugging if configure makes a mistake.

It was created by configure, which was
generated by GNU Autoconf 2.69.  Invocation command line was

  $ ./configure --prefix=/Users/yuq/.virtualenvs/emailsvc

## --------- ##
## Platform. ##
## --------- ##

hostname = Yu-MacBook.local
uname -m = x86_64
uname -r = 14.5.0
uname -s = Darwin
uname -v = Darwin Kernel Version 14.5.0: Sun Sep 25 22:07:15 PDT 2016; root:xnu-2782.50.9~1/RELEASE_X86_64

/usr/bin/uname -p = i386
/bin/uname -X     = unknown

/bin/arch              = unknown
/usr/bin/arch -k       = unknown
/usr/convex/getsysinfo = unknown
/usr/bin/hostinfo      = Mach kernel version:
	 Darwin Kernel Version 14.5.0: Sun Sep 25 22:07:15 PDT 2016; root:xnu-2782.50.9~1/RELEASE_X86_64
Kernel configured for up to 8 processors.
4 processors are physically available.
8 processors are logically available.
Processor type: x86_64h (Intel x86-64h Haswell)
Processors active: 0 1 2 3 4 5 6 7
Primary memory available: 16.00 gigabytes
Default processor set: 351 tasks, 2121 threads, 8 processors
Load average: 1.39, Mach factor: 6.59
/bin/machine           = unknown
/usr/bin/oslevel       = unknown
/bin/universe          = unknown

PATH: /Users/yuq/.virtualenvs/emailsvc/bin
PATH: /usr/local/bin
PATH: /usr/bin
PATH: /bin
PATH: /usr/sbin
PATH: /sbin
PATH: /Library/TeX/texbin


## ----------- ##
## Core tests. ##
## ----------- ##

configure:2342: checking for gcc
configure:2358: found /usr/bin/gcc
configure:2369: result: gcc
configure:2598: checking for C compiler version
configure:2607: gcc --version >&5
Apple LLVM version 7.0.2 (clang-700.1.81)
Target: x86_64-apple-darwin14.5.0
Thread model: posix
Configured with: --prefix=/Applications/Xcode.app/Contents/Developer/usr --with-gxx-include-dir=/usr/include/c++/4.2.1
configure:2618: $? = 0
configure:2607: gcc -v >&5
Configured with: --prefix=/Applications/Xcode.app/Contents/Developer/usr --with-gxx-include-dir=/usr/include/c++/4.2.1
Apple LLVM version 7.0.2 (clang-700.1.81)
Target: x86_64-apple-darwin14.5.0
Thread model: posix
configure:2618: $? = 0
configure:2607: gcc -V >&5
clang: error: argument to '-V' is missing (expected 1 value)
clang: error: no input files
configure:2618: $? = 1
configure:2607: gcc -qversion >&5
clang: error: unknown argument: '-qversion'
clang: error: no input files
configure:2618: $? = 1
configure:2638: checking whether the C compiler works
configure:2660: gcc    conftest.c  >&5
configure:2664: $? = 0
configure:2712: result: yes
configure:2715: checking for C compiler default output file name
configure:2717: result: a.out
configure:2723: checking for suffix of executables
configure:2730: gcc -o conftest    conftest.c  >&5
configure:2734: $? = 0
configure:2756: result: 
configure:2778: checking whether we are cross compiling
configure:2786: gcc -o conftest    conftest.c  >&5
configure:2790: $? = 0
configure:2797: ./conftest
configure:2801: $? = 0
configure:2816: result: no
configure:2821: checking for suffix of object files
configure:2843: gcc -c   conftest.c >&5
configure:2847: $? = 0
configure:2868: result: o
configure:2872: checking whether we are using the GNU C compiler
configure:2891: gcc -c   conftest.c >&5
configure:2891: $? = 0
configure:2900: result: yes
configure:2909: checking whether gcc accepts -g
configure:2929: gcc -c -g  conftest.c >&5
configure:2929: $? = 0
configure:2970: result: yes
configure:2987: checking for gcc option to accept ISO C89
configure:3050: gcc  -c -g -O2  conftest.c >&5
configure:3050: $? = 0
configure:3063: result: none needed
configure:3084: checking for inline
configure:3100: gcc -c -g -O2  conftest.c >&5
configure:3100: $? = 0
configure:3108: result: inline
configure:3159: checking build system type
configure:3173: result: i686-apple-darwin14.5.0
configure:3193: checking host system type
configure:3206: result: i686-apple-darwin14.5.0
configure:3231: checking how to run the C preprocessor
configure:3262: gcc -E  conftest.c
configure:3262: $? = 0
configure:3276: gcc -E  conftest.c
conftest.c:9:10: fatal error: 'ac_nonexistent.h' file not found
#include <ac_nonexistent.h>
         ^
1 error generated.
configure:3276: $? = 1
configure: failed program was:
| /* confdefs.h */
| #define PACKAGE_NAME ""
| #define PACKAGE_TARNAME ""
| #define PACKAGE_VERSION ""
| #define PACKAGE_STRING ""
| #define PACKAGE_BUGREPORT ""
| #define PACKAGE_URL ""
| /* end confdefs.h.  */
| #include <ac_nonexistent.h>
configure:3301: result: gcc -E
configure:3321: gcc -E  conftest.c
configure:3321: $? = 0
configure:3335: gcc -E  conftest.c
conftest.c:9:10: fatal error: 'ac_nonexistent.h' file not found
#include <ac_nonexistent.h>
         ^
1 error generated.
configure:3335: $? = 1
configure: failed program was:
| /* confdefs.h */
| #define PACKAGE_NAME ""
| #define PACKAGE_TARNAME ""
| #define PACKAGE_VERSION ""
| #define PACKAGE_STRING ""
| #define PACKAGE_BUGREPORT ""
| #define PACKAGE_URL ""
| /* end confdefs.h.  */
| #include <ac_nonexistent.h>
configure:3364: checking for grep that handles long lines and -e
configure:3422: result: /usr/bin/grep
configure:3427: checking for egrep
configure:3489: result: /usr/bin/grep -E
configure:3494: checking for ANSI C header files
configure:3514: gcc -c -g -O2  conftest.c >&5
configure:3514: $? = 0
configure:3587: gcc -o conftest -g -O2   conftest.c  >&5
configure:3587: $? = 0
configure:3587: ./conftest
configure:3587: $? = 0
configure:3598: result: yes
configure:3611: checking for sys/types.h
configure:3611: gcc -c -g -O2  conftest.c >&5
configure:3611: $? = 0
configure:3611: result: yes
configure:3611: checking for sys/stat.h
configure:3611: gcc -c -g -O2  conftest.c >&5
configure:3611: $? = 0
configure:3611: result: yes
configure:3611: checking for stdlib.h
configure:3611: gcc -c -g -O2  conftest.c >&5
configure:3611: $? = 0
configure:3611: result: yes
configure:3611: checking for string.h
configure:3611: gcc -c -g -O2  conftest.c >&5
configure:3611: $? = 0
configure:3611: result: yes
configure:3611: checking for memory.h
configure:3611: gcc -c -g -O2  conftest.c >&5
configure:3611: $? = 0
configure:3611: result: yes
configure:3611: checking for strings.h
configure:3611: gcc -c -g -O2  conftest.c >&5
configure:3611: $? = 0
configure:3611: result: yes
configure:3611: checking for inttypes.h
configure:3611: gcc -c -g -O2  conftest.c >&5
configure:3611: $? = 0
configure:3611: result: yes
configure:3611: checking for stdint.h
configure:3611: gcc -c -g -O2  conftest.c >&5
configure:3611: $? = 0
configure:3611: result: yes
configure:3611: checking for unistd.h
configure:3611: gcc -c -g -O2  conftest.c >&5
configure:3611: $? = 0
configure:3611: result: yes
configure:3623: checking whether byte ordering is bigendian
configure:3638: gcc -c -g -O2  conftest.c >&5
configure:3638: $? = 0
configure:3683: gcc -c -g -O2  conftest.c >&5
configure:3683: $? = 0
configure:3701: gcc -c -g -O2  conftest.c >&5
conftest.c:26:4: error: use of undeclared identifier 'not'
                 not big endian
                 ^
1 error generated.
configure:3701: $? = 1
configure: failed program was:
| /* confdefs.h */
| #define PACKAGE_NAME ""
| #define PACKAGE_TARNAME ""
| #define PACKAGE_VERSION ""
| #define PACKAGE_STRING ""
| #define PACKAGE_BUGREPORT ""
| #define PACKAGE_URL ""
| #define STDC_HEADERS 1
| #define HAVE_SYS_TYPES_H 1
| #define HAVE_SYS_STAT_H 1
| #define HAVE_STDLIB_H 1
| #define HAVE_STRING_H 1
| #define HAVE_MEMORY_H 1
| #define HAVE_STRINGS_H 1
| #define HAVE_INTTYPES_H 1
| #define HAVE_STDINT_H 1
| #define HAVE_UNISTD_H 1
| /* end confdefs.h.  */
| #include <sys/types.h>
| 		#include <sys/param.h>
| 
| int
| main ()
| {
| #if BYTE_ORDER != BIG_ENDIAN
| 		 not big endian
| 		#endif
| 
|   ;
|   return 0;
| }
configure:3829: result: no
configure:3852: checking how to run the C preprocessor
configure:3922: result: gcc -E
configure:3942: gcc -E  conftest.c
configure:3942: $? = 0
configure:3956: gcc -E  conftest.c
conftest.c:19:10: fatal error: 'ac_nonexistent.h' file not found
#include <ac_nonexistent.h>
         ^
1 error generated.
configure:3956: $? = 1
configure: failed program was:
| /* confdefs.h */
| #define PACKAGE_NAME ""
| #define PACKAGE_TARNAME ""
| #define PACKAGE_VERSION ""
| #define PACKAGE_STRING ""
| #define PACKAGE_BUGREPORT ""
| #define PACKAGE_URL ""
| #define STDC_HEADERS 1
| #define HAVE_SYS_TYPES_H 1
| #define HAVE_SYS_STAT_H 1
| #define HAVE_STDLIB_H 1
| #define HAVE_STRING_H 1
| #define HAVE_MEMORY_H 1
| #define HAVE_STRINGS_H 1
| #define HAVE_INTTYPES_H 1
| #define HAVE_STDINT_H 1
| #define HAVE_UNISTD_H 1
| /* end confdefs.h.  */
| #include <ac_nonexistent.h>
configure:4027: checking for ranlib
configure:4043: found /usr/bin/ranlib
configure:4054: result: ranlib
configure:4090: checking for a BSD-compatible install
configure:4158: result: /usr/bin/install -c
configure:4169: checking whether ln -s works
configure:4173: result: yes
configure:4182: checking for ar
configure:4200: found /usr/bin/ar
configure:4212: result: /usr/bin/ar
configure:4224: checking for perl
configure:4242: found /usr/bin/perl
configure:4254: result: /usr/bin/perl
configure:4269: checking for javac
configure:4287: found /usr/bin/javac
configure:4299: result: /usr/bin/javac
configure:4314: checking for jar
configure:4332: found /usr/bin/jar
configure:4344: result: /usr/bin/jar
configure:4362: checking size of char
configure:4367: gcc -o conftest -g -O2   conftest.c  >&5
configure:4367: $? = 0
configure:4367: ./conftest
configure:4367: $? = 0
configure:4381: result: 1
configure:4395: checking size of short int
configure:4400: gcc -o conftest -g -O2   conftest.c  >&5
configure:4400: $? = 0
configure:4400: ./conftest
configure:4400: $? = 0
configure:4414: result: 2
configure:4428: checking size of int
configure:4433: gcc -o conftest -g -O2   conftest.c  >&5
configure:4433: $? = 0
configure:4433: ./conftest
configure:4433: $? = 0
configure:4447: result: 4
configure:4461: checking size of long int
configure:4466: gcc -o conftest -g -O2   conftest.c  >&5
configure:4466: $? = 0
configure:4466: ./conftest
configure:4466: $? = 0
configure:4480: result: 8
configure:4494: checking size of long long int
configure:4499: gcc -o conftest -g -O2   conftest.c  >&5
configure:4499: $? = 0
configure:4499: ./conftest
configure:4499: $? = 0
configure:4513: result: 8
configure:4527: checking size of void *
configure:4532: gcc -o conftest -g -O2   conftest.c  >&5
configure:4532: $? = 0
configure:4532: ./conftest
configure:4532: $? = 0
configure:4546: result: 8
configure:4557: checking for sem_init in -lrt
configure:4582: gcc -o conftest -g -O2   conftest.c -lrt   >&5
ld: library not found for -lrt
clang: error: linker command failed with exit code 1 (use -v to see invocation)
configure:4582: $? = 1
configure: failed program was:
| /* confdefs.h */
| #define PACKAGE_NAME ""
| #define PACKAGE_TARNAME ""
| #define PACKAGE_VERSION ""
| #define PACKAGE_STRING ""
| #define PACKAGE_BUGREPORT ""
| #define PACKAGE_URL ""
| #define STDC_HEADERS 1
| #define HAVE_SYS_TYPES_H 1
| #define HAVE_SYS_STAT_H 1
| #define HAVE_STDLIB_H 1
| #define HAVE_STRING_H 1
| #define HAVE_MEMORY_H 1
| #define HAVE_STRINGS_H 1
| #define HAVE_INTTYPES_H 1
| #define HAVE_STDINT_H 1
| #define HAVE_UNISTD_H 1
| #define SIZEOF_CHAR 1
| #define SIZEOF_SHORT_INT 2
| #define SIZEOF_INT 4
| #define SIZEOF_LONG_INT 8
| #define SIZEOF_LONG_LONG_INT 8
| #define SIZEOF_VOID_P 8
| /* end confdefs.h.  */
| 
| /* Override any GCC internal prototype to avoid an error.
|    Use char because int might match the return type of a GCC
|    builtin and then its argument prototype would still apply.  */
| #ifdef __cplusplus
| extern "C"
| #endif
| char sem_init ();
| int
| main ()
| {
| return sem_init ();
|   ;
|   return 0;
| }
configure:4591: result: no
configure:4602: checking for sem_wait in -lposix4
configure:4627: gcc -o conftest -g -O2   conftest.c -lposix4   >&5
ld: library not found for -lposix4
clang: error: linker command failed with exit code 1 (use -v to see invocation)
configure:4627: $? = 1
configure: failed program was:
| /* confdefs.h */
| #define PACKAGE_NAME ""
| #define PACKAGE_TARNAME ""
| #define PACKAGE_VERSION ""
| #define PACKAGE_STRING ""
| #define PACKAGE_BUGREPORT ""
| #define PACKAGE_URL ""
| #define STDC_HEADERS 1
| #define HAVE_SYS_TYPES_H 1
| #define HAVE_SYS_STAT_H 1
| #define HAVE_STDLIB_H 1
| #define HAVE_STRING_H 1
| #define HAVE_MEMORY_H 1
| #define HAVE_STRINGS_H 1
| #define HAVE_INTTYPES_H 1
| #define HAVE_STDINT_H 1
| #define HAVE_UNISTD_H 1
| #define SIZEOF_CHAR 1
| #define SIZEOF_SHORT_INT 2
| #define SIZEOF_INT 4
| #define SIZEOF_LONG_INT 8
| #define SIZEOF_LONG_LONG_INT 8
| #define SIZEOF_VOID_P 8
| /* end confdefs.h.  */
| 
| /* Override any GCC internal prototype to avoid an error.
|    Use char because int might match the return type of a GCC
|    builtin and then its argument prototype would still apply.  */
| #ifdef __cplusplus
| extern "C"
| #endif
| char sem_wait ();
| int
| main ()
| {
| return sem_wait ();
|   ;
|   return 0;
| }
configure:4636: result: no
configure:4648: checking whether sem_init works
configure:4663: gcc -o conftest -g -O2   conftest.c  >&5
conftest.c:27:37: warning: 'sem_init' is deprecated [-Wdeprecated-declarations]
int main(void){sem_t s;return (0 != sem_init(&s,0,0));}
                                    ^
/usr/include/sys/semaphore.h:55:5: note: 'sem_init' has been explicitly marked deprecated here
int sem_init(sem_t *, int, unsigned int) __deprecated;
    ^
1 warning generated.
configure:4663: $? = 0
configure:4663: ./conftest
configure:4663: $? = 1
configure: program exited with status 1
configure: failed program was:
| /* confdefs.h */
| #define PACKAGE_NAME ""
| #define PACKAGE_TARNAME ""
| #define PACKAGE_VERSION ""
| #define PACKAGE_STRING ""
| #define PACKAGE_BUGREPORT ""
| #define PACKAGE_URL ""
| #define STDC_HEADERS 1
| #define HAVE_SYS_TYPES_H 1
| #define HAVE_SYS_STAT_H 1
| #define HAVE_STDLIB_H 1
| #define HAVE_STRING_H 1
| #define HAVE_MEMORY_H 1
| #define HAVE_STRINGS_H 1
| #define HAVE_INTTYPES_H 1
| #define HAVE_STDINT_H 1
| #define HAVE_UNISTD_H 1
| #define SIZEOF_CHAR 1
| #define SIZEOF_SHORT_INT 2
| #define SIZEOF_INT 4
| #define SIZEOF_LONG_INT 8
| #define SIZEOF_LONG_LONG_INT 8
| #define SIZEOF_VOID_P 8
| /* end confdefs.h.  */
| 
| #include <semaphore.h>
| int main(void){sem_t s;return (0 != sem_init(&s,0,0));}
| 
configure:4668: result: no
configure:4672: WARNING: ****** sem_init() is broken, I'll implement one myself.
configure:4682: checking for sem_init in -lrt
configure:4716: result: no
configure:4729: checking for strftime
configure:4729: gcc -o conftest -g -O2   conftest.c  >&5
configure:4729: $? = 0
configure:4729: result: yes
configure:4789: checking sys/file.h usability
configure:4789: gcc -c -g -O2  conftest.c >&5
configure:4789: $? = 0
configure:4789: result: yes
configure:4789: checking sys/file.h presence
configure:4789: gcc -E  conftest.c
configure:4789: $? = 0
configure:4789: result: yes
configure:4789: checking for sys/file.h
configure:4789: result: yes
configure:4789: checking for sys/types.h
configure:4789: result: yes
configure:4789: checking dirent.h usability
configure:4789: gcc -c -g -O2  conftest.c >&5
configure:4789: $? = 0
configure:4789: result: yes
configure:4789: checking dirent.h presence
configure:4789: gcc -E  conftest.c
configure:4789: $? = 0
configure:4789: result: yes
configure:4789: checking for dirent.h
configure:4789: result: yes
configure:4789: checking sys/param.h usability
configure:4789: gcc -c -g -O2  conftest.c >&5
configure:4789: $? = 0
configure:4789: result: yes
configure:4789: checking sys/param.h presence
configure:4789: gcc -E  conftest.c
configure:4789: $? = 0
configure:4789: result: yes
configure:4789: checking for sys/param.h
configure:4789: result: yes
configure:4789: checking fcntl.h usability
configure:4789: gcc -c -g -O2  conftest.c >&5
configure:4789: $? = 0
configure:4789: result: yes
configure:4789: checking fcntl.h presence
configure:4789: gcc -E  conftest.c
configure:4789: $? = 0
configure:4789: result: yes
configure:4789: checking for fcntl.h
configure:4789: result: yes
configure:4789: checking errno.h usability
configure:4789: gcc -c -g -O2  conftest.c >&5
configure:4789: $? = 0
configure:4789: result: yes
configure:4789: checking errno.h presence
configure:4789: gcc -E  conftest.c
configure:4789: $? = 0
configure:4789: result: yes
configure:4789: checking for errno.h
configure:4789: result: yes
configure:4789: checking limits.h usability
configure:4789: gcc -c -g -O2  conftest.c >&5
configure:4789: $? = 0
configure:4789: result: yes
configure:4789: checking limits.h presence
configure:4789: gcc -E  conftest.c
configure:4789: $? = 0
configure:4789: result: yes
configure:4789: checking for limits.h
configure:4789: result: yes
configure:4789: checking sys/resource.h usability
configure:4789: gcc -c -g -O2  conftest.c >&5
configure:4789: $? = 0
configure:4789: result: yes
configure:4789: checking sys/resource.h presence
configure:4789: gcc -E  conftest.c
configure:4789: $? = 0
configure:4789: result: yes
configure:4789: checking for sys/resource.h
configure:4789: result: yes
configure:4789: checking pthread.h usability
configure:4789: gcc -c -g -O2  conftest.c >&5
configure:4789: $? = 0
configure:4789: result: yes
configure:4789: checking pthread.h presence
configure:4789: gcc -E  conftest.c
configure:4789: $? = 0
configure:4789: result: yes
configure:4789: checking for pthread.h
configure:4789: result: yes
configure:4789: checking semaphore.h usability
configure:4789: gcc -c -g -O2  conftest.c >&5
configure:4789: $? = 0
configure:4789: result: yes
configure:4789: checking semaphore.h presence
configure:4789: gcc -E  conftest.c
configure:4789: $? = 0
configure:4789: result: yes
configure:4789: checking for semaphore.h
configure:4789: result: yes
configure:4789: checking pwd.h usability
configure:4789: gcc -c -g -O2  conftest.c >&5
configure:4789: $? = 0
configure:4789: result: yes
configure:4789: checking pwd.h presence
configure:4789: gcc -E  conftest.c
configure:4789: $? = 0
configure:4789: result: yes
configure:4789: checking for pwd.h
configure:4789: result: yes
configure:4789: checking stdio.h usability
configure:4789: gcc -c -g -O2  conftest.c >&5
configure:4789: $? = 0
configure:4789: result: yes
configure:4789: checking stdio.h presence
configure:4789: gcc -E  conftest.c
configure:4789: $? = 0
configure:4789: result: yes
configure:4789: checking for stdio.h
configure:4789: result: yes
configure:4789: checking for stdlib.h
configure:4789: result: yes
configure:4789: checking for string.h
configure:4789: result: yes
configure:4789: checking ctype.h usability
configure:4789: gcc -c -g -O2  conftest.c >&5
configure:4789: $? = 0
configure:4789: result: yes
configure:4789: checking ctype.h presence
configure:4789: gcc -E  conftest.c
configure:4789: $? = 0
configure:4789: result: yes
configure:4789: checking for ctype.h
configure:4789: result: yes
configure:4789: checking for unistd.h
configure:4789: result: yes
configure:4789: checking time.h usability
configure:4789: gcc -c -g -O2  conftest.c >&5
configure:4789: $? = 0
configure:4789: result: yes
configure:4789: checking time.h presence
configure:4789: gcc -E  conftest.c
configure:4789: $? = 0
configure:4789: result: yes
configure:4789: checking for time.h
configure:4789: result: yes
configure:4789: checking for sys/stat.h
configure:4789: result: yes
configure:4789: checking sys/time.h usability
configure:4789: gcc -c -g -O2  conftest.c >&5
configure:4789: $? = 0
configure:4789: result: yes
configure:4789: checking sys/time.h presence
configure:4789: gcc -E  conftest.c
configure:4789: $? = 0
configure:4789: result: yes
configure:4789: checking for sys/time.h
configure:4789: result: yes
configure:4789: checking for unistd.h
configure:4789: result: yes
configure:4789: checking sys/mman.h usability
configure:4789: gcc -c -g -O2  conftest.c >&5
configure:4789: $? = 0
configure:4789: result: yes
configure:4789: checking sys/mman.h presence
configure:4789: gcc -E  conftest.c
configure:4789: $? = 0
configure:4789: result: yes
configure:4789: checking for sys/mman.h
configure:4789: result: yes
configure:4789: checking jni.h usability
configure:4789: gcc -c -g -O2  conftest.c >&5
conftest.c:81:10: fatal error: 'jni.h' file not found
#include <jni.h>
         ^
1 error generated.
configure:4789: $? = 1
configure: failed program was:
| /* confdefs.h */
| #define PACKAGE_NAME ""
| #define PACKAGE_TARNAME ""
| #define PACKAGE_VERSION ""
| #define PACKAGE_STRING ""
| #define PACKAGE_BUGREPORT ""
| #define PACKAGE_URL ""
| #define STDC_HEADERS 1
| #define HAVE_SYS_TYPES_H 1
| #define HAVE_SYS_STAT_H 1
| #define HAVE_STDLIB_H 1
| #define HAVE_STRING_H 1
| #define HAVE_MEMORY_H 1
| #define HAVE_STRINGS_H 1
| #define HAVE_INTTYPES_H 1
| #define HAVE_STDINT_H 1
| #define HAVE_UNISTD_H 1
| #define SIZEOF_CHAR 1
| #define SIZEOF_SHORT_INT 2
| #define SIZEOF_INT 4
| #define SIZEOF_LONG_INT 8
| #define SIZEOF_LONG_LONG_INT 8
| #define SIZEOF_VOID_P 8
| #define BROKEN_SEM_INIT 1
| #define HAVE_STRFTIME 1
| #define HAVE_SYS_FILE_H 1
| #define HAVE_SYS_TYPES_H 1
| #define HAVE_DIRENT_H 1
| #define HAVE_SYS_PARAM_H 1
| #define HAVE_FCNTL_H 1
| #define HAVE_ERRNO_H 1
| #define HAVE_LIMITS_H 1
| #define HAVE_SYS_RESOURCE_H 1
| #define HAVE_PTHREAD_H 1
| #define HAVE_SEMAPHORE_H 1
| #define HAVE_PWD_H 1
| #define HAVE_STDIO_H 1
| #define HAVE_STDLIB_H 1
| #define HAVE_STRING_H 1
| #define HAVE_CTYPE_H 1
| #define HAVE_UNISTD_H 1
| #define HAVE_TIME_H 1
| #define HAVE_SYS_STAT_H 1
| #define HAVE_SYS_TIME_H 1
| #define HAVE_UNISTD_H 1
| #define HAVE_SYS_MMAN_H 1
| /* end confdefs.h.  */
| #include <stdio.h>
| #ifdef HAVE_SYS_TYPES_H
| # include <sys/types.h>
| #endif
| #ifdef HAVE_SYS_STAT_H
| # include <sys/stat.h>
| #endif
| #ifdef STDC_HEADERS
| # include <stdlib.h>
| # include <stddef.h>
| #else
| # ifdef HAVE_STDLIB_H
| #  include <stdlib.h>
| # endif
| #endif
| #ifdef HAVE_STRING_H
| # if !defined STDC_HEADERS && defined HAVE_MEMORY_H
| #  include <memory.h>
| # endif
| # include <string.h>
| #endif
| #ifdef HAVE_STRINGS_H
| # include <strings.h>
| #endif
| #ifdef HAVE_INTTYPES_H
| # include <inttypes.h>
| #endif
| #ifdef HAVE_STDINT_H
| # include <stdint.h>
| #endif
| #ifdef HAVE_UNISTD_H
| # include <unistd.h>
| #endif
| #include <jni.h>
configure:4789: result: no
configure:4789: checking jni.h presence
configure:4789: gcc -E  conftest.c
conftest.c:48:10: fatal error: 'jni.h' file not found
#include <jni.h>
         ^
1 error generated.
configure:4789: $? = 1
configure: failed program was:
| /* confdefs.h */
| #define PACKAGE_NAME ""
| #define PACKAGE_TARNAME ""
| #define PACKAGE_VERSION ""
| #define PACKAGE_STRING ""
| #define PACKAGE_BUGREPORT ""
| #define PACKAGE_URL ""
| #define STDC_HEADERS 1
| #define HAVE_SYS_TYPES_H 1
| #define HAVE_SYS_STAT_H 1
| #define HAVE_STDLIB_H 1
| #define HAVE_STRING_H 1
| #define HAVE_MEMORY_H 1
| #define HAVE_STRINGS_H 1
| #define HAVE_INTTYPES_H 1
| #define HAVE_STDINT_H 1
| #define HAVE_UNISTD_H 1
| #define SIZEOF_CHAR 1
| #define SIZEOF_SHORT_INT 2
| #define SIZEOF_INT 4
| #define SIZEOF_LONG_INT 8
| #define SIZEOF_LONG_LONG_INT 8
| #define SIZEOF_VOID_P 8
| #define BROKEN_SEM_INIT 1
| #define HAVE_STRFTIME 1
| #define HAVE_SYS_FILE_H 1
| #define HAVE_SYS_TYPES_H 1
| #define HAVE_DIRENT_H 1
| #define HAVE_SYS_PARAM_H 1
| #define HAVE_FCNTL_H 1
| #define HAVE_ERRNO_H 1
| #define HAVE_LIMITS_H 1
| #define HAVE_SYS_RESOURCE_H 1
| #define HAVE_PTHREAD_H 1
| #define HAVE_SEMAPHORE_H 1
| #define HAVE_PWD_H 1
| #define HAVE_STDIO_H 1
| #define HAVE_STDLIB_H 1
| #define HAVE_STRING_H 1
| #define HAVE_CTYPE_H 1
| #define HAVE_UNISTD_H 1
| #define HAVE_TIME_H 1
| #define HAVE_SYS_STAT_H 1
| #define HAVE_SYS_TIME_H 1
| #define HAVE_UNISTD_H 1
| #define HAVE_SYS_MMAN_H 1
| /* end confdefs.h.  */
| #include <jni.h>
configure:4789: result: no
configure:4789: checking for jni.h
configure:4789: result: no
configure:4803: WARNING: Not building java bits due to jni.h absence (set CPPFLAGS?)
configure:4808: checking for u_int type
configure:4825: gcc -c -g -O2  conftest.c >&5
configure:4825: $? = 0
configure:4834: result: yes
configure:4843: checking for intXX_t types
configure:4860: gcc -c -g -O2  conftest.c >&5
configure:4860: $? = 0
configure:4869: result: yes
configure:4877: checking for int64_t type
configure:4894: gcc -c -g -O2  conftest.c >&5
configure:4894: $? = 0
configure:4903: result: yes
configure:4911: checking for u_intXX_t types
configure:4928: gcc -c -g -O2  conftest.c >&5
configure:4928: $? = 0
configure:4937: result: yes
configure:4945: checking for u_int64_t types
configure:4962: gcc -c -g -O2  conftest.c >&5
configure:4962: $? = 0
configure:4971: result: yes
configure:5055: checking for socklen_t
configure:5075: gcc -c -g -O2  conftest.c >&5
configure:5075: $? = 0
configure:5084: result: yes
configure:5091: checking for size_t
configure:5110: gcc -c -g -O2  conftest.c >&5
configure:5110: $? = 0
configure:5119: result: yes
configure:5126: checking for ssize_t
configure:5145: gcc -c -g -O2  conftest.c >&5
configure:5145: $? = 0
configure:5154: result: yes
configure:5166: checking for pthread_create in -lpthread
configure:5191: gcc -o conftest -g -O2   conftest.c -lpthread   >&5
configure:5191: $? = 0
configure:5200: result: yes
configure:5388: creating ./config.status

## ---------------------- ##
## Running config.status. ##
## ---------------------- ##

This file was extended by config.status, which was
generated by GNU Autoconf 2.69.  Invocation command line was

  CONFIG_FILES    = 
  CONFIG_HEADERS  = 
  CONFIG_LINKS    = 
  CONFIG_COMMANDS = 
  $ ./config.status 

on Yu-MacBook.local

config.status:864: creating Makefile
config.status:850: error: cannot find input file: `perl/Makefile.PL.in'

## ---------------- ##
## Cache variables. ##
## ---------------- ##

ac_cv_build=i686-apple-darwin14.5.0
ac_cv_c_bigendian=no
ac_cv_c_compiler_gnu=yes
ac_cv_c_inline=inline
ac_cv_env_CC_set=
ac_cv_env_CC_value=
ac_cv_env_CFLAGS_set=
ac_cv_env_CFLAGS_value=
ac_cv_env_CPPFLAGS_set=
ac_cv_env_CPPFLAGS_value=
ac_cv_env_CPP_set=
ac_cv_env_CPP_value=
ac_cv_env_LDFLAGS_set=
ac_cv_env_LDFLAGS_value=
ac_cv_env_LIBS_set=
ac_cv_env_LIBS_value=
ac_cv_env_build_alias_set=
ac_cv_env_build_alias_value=
ac_cv_env_host_alias_set=
ac_cv_env_host_alias_value=
ac_cv_env_target_alias_set=
ac_cv_env_target_alias_value=
ac_cv_func_strftime=yes
ac_cv_have_int64_t=yes
ac_cv_have_intxx_t=yes
ac_cv_have_size_t=yes
ac_cv_have_socklen_t=yes
ac_cv_have_ssize_t=yes
ac_cv_have_u_int64_t=yes
ac_cv_have_u_int=yes
ac_cv_have_u_intxx_t=yes
ac_cv_header_ctype_h=yes
ac_cv_header_dirent_h=yes
ac_cv_header_errno_h=yes
ac_cv_header_fcntl_h=yes
ac_cv_header_inttypes_h=yes
ac_cv_header_jni_h=no
ac_cv_header_limits_h=yes
ac_cv_header_memory_h=yes
ac_cv_header_pthread_h=yes
ac_cv_header_pwd_h=yes
ac_cv_header_semaphore_h=yes
ac_cv_header_stdc=yes
ac_cv_header_stdint_h=yes
ac_cv_header_stdio_h=yes
ac_cv_header_stdlib_h=yes
ac_cv_header_string_h=yes
ac_cv_header_strings_h=yes
ac_cv_header_sys_file_h=yes
ac_cv_header_sys_mman_h=yes
ac_cv_header_sys_param_h=yes
ac_cv_header_sys_resource_h=yes
ac_cv_header_sys_stat_h=yes
ac_cv_header_sys_time_h=yes
ac_cv_header_sys_types_h=yes
ac_cv_header_time_h=yes
ac_cv_header_unistd_h=yes
ac_cv_host=i686-apple-darwin14.5.0
ac_cv_lib_posix4_sem_wait=no
ac_cv_lib_pthread_pthread_create=yes
ac_cv_lib_rt_sem_init=no
ac_cv_objext=o
ac_cv_path_AR=/usr/bin/ar
ac_cv_path_EGREP='/usr/bin/grep -E'
ac_cv_path_GREP=/usr/bin/grep
ac_cv_path_JAR=/usr/bin/jar
ac_cv_path_JAVAC=/usr/bin/javac
ac_cv_path_PERL=/usr/bin/perl
ac_cv_path_install='/usr/bin/install -c'
ac_cv_prog_CPP='gcc -E'
ac_cv_prog_ac_ct_CC=gcc
ac_cv_prog_ac_ct_RANLIB=ranlib
ac_cv_prog_cc_c89=
ac_cv_prog_cc_g=yes
ac_cv_sizeof_char=1
ac_cv_sizeof_int=4
ac_cv_sizeof_long_int=8
ac_cv_sizeof_long_long_int=8
ac_cv_sizeof_short_int=2
ac_cv_sizeof_void_p=8

## ----------------- ##
## Output variables. ##
## ----------------- ##

AR='/usr/bin/ar'
CC='gcc'
CFLAGS='-g -O2'
CPP='gcc -E'
CPPFLAGS=''
DEFS='-DHAVE_CONFIG_H'
DOTSO='dylib'
ECHO_C='\c'
ECHO_N=''
ECHO_T=''
EGREP='/usr/bin/grep -E'
EXEEXT=''
GREP='/usr/bin/grep'
INSTALL_DATA='${INSTALL} -m 644'
INSTALL_PROGRAM='${INSTALL}'
INSTALL_SCRIPT='${INSTALL}'
JAR='/usr/bin/jar'
JAVAC='/usr/bin/javac'
JAVA_BITS=''
LDFLAGS=''
LD_LIBJLOG_VERSION='-current_version $(VERSION) -install_name $(libdir)/libjlog.$(MAJOR_VERSION).$(DOTSO)'
LIBLONG='libjlog.$(VERSION).$(DOTSO)'
LIBMAJOR='libjlog.$(MAJOR_VERSION).$(DOTSO)'
LIBOBJS=''
LIBS='-lpthread '
LIBSHORT='libjlog.$(DOTSO)'
LN_S='ln -s'
LTLIBOBJS=''
OBJEXT='o'
PACKAGE_BUGREPORT=''
PACKAGE_NAME=''
PACKAGE_STRING=''
PACKAGE_TARNAME=''
PACKAGE_URL=''
PACKAGE_VERSION=''
PATH_SEPARATOR=':'
PERL='/usr/bin/perl'
RANLIB='ranlib'
RLDFLAG=''
SHCFLAGS='-g -O2'
SHELL='/bin/sh'
SHLD='gcc -dynamiclib -single_module -undefined dynamic_lookup'
ac_ct_CC='gcc'
bindir='${exec_prefix}/bin'
build='i686-apple-darwin14.5.0'
build_alias=''
build_cpu='i686'
build_os='darwin14.5.0'
build_vendor='apple'
datadir='${datarootdir}'
datarootdir='${prefix}/share'
docdir='docs'
dvidir='${docdir}'
exec_prefix='${prefix}'
host='i686-apple-darwin14.5.0'
host_alias=''
host_cpu='i686'
host_os='darwin14.5.0'
host_vendor='apple'
htmldir='${docdir}'
includedir='${prefix}/include'
infodir='${datarootdir}/info'
libdir='${exec_prefix}/lib'
libexecdir='${exec_prefix}/libexec'
localedir='${datarootdir}/locale'
localstatedir='${prefix}/var'
mandir='${datarootdir}/man'
mansubdir='man'
oldincludedir='/usr/include'
pdfdir='${docdir}'
prefix='/Users/yuq/.virtualenvs/emailsvc'
program_transform_name='s,x,x,'
psdir='${docdir}'
sbindir='${exec_prefix}/sbin'
sharedstatedir='${prefix}/com'
sysconfdir='${prefix}/etc'
target_alias=''

## ----------- ##
## confdefs.h. ##
## ----------- ##

/* confdefs.h */
#define PACKAGE_NAME ""
#define PACKAGE_TARNAME ""
#define PACKAGE_VERSION ""
#define PACKAGE_STRING ""
#define PACKAGE_BUGREPORT ""
#define PACKAGE_URL ""
#define STDC_HEADERS 1
#define HAVE_SYS_TYPES_H 1
#define HAVE_SYS_STAT_H 1
#define HAVE_STDLIB_H 1
#define HAVE_STRING_H 1
#define HAVE_MEMORY_H 1
#define HAVE_STRINGS_H 1
#define HAVE_INTTYPES_H 1
#define HAVE_STDINT_H 1
#define HAVE_UNISTD_H 1
#define SIZEOF_CHAR 1
#define SIZEOF_SHORT_INT 2
#define SIZEOF_INT 4
#define SIZEOF_LONG_INT 8
#define SIZEOF_LONG_LONG_INT 8
#define SIZEOF_VOID_P 8
#define BROKEN_SEM_INIT 1
#define HAVE_STRFTIME 1
#define HAVE_SYS_FILE_H 1
#define HAVE_SYS_TYPES_H 1
#define HAVE_DIRENT_H 1
#define HAVE_SYS_PARAM_H 1
#define HAVE_FCNTL_H 1
#define HAVE_ERRNO_H 1
#define HAVE_LIMITS_H 1
#define HAVE_SYS_RESOURCE_H 1
#define HAVE_PTHREAD_H 1
#define HAVE_SEMAPHORE_H 1
#define HAVE_PWD_H 1
#define HAVE_STDIO_H 1
#define HAVE_STDLIB_H 1
#define HAVE_STRING_H 1
#define HAVE_CTYPE_H 1
#define HAVE_UNISTD_H 1
#define HAVE_TIME_H 1
#define HAVE_SYS_STAT_H 1
#define HAVE_SYS_TIME_H 1
#define HAVE_UNISTD_H 1
#define HAVE_SYS_MMAN_H 1
#define HAVE_U_INT 1
#define HAVE_INTXX_T 1
#define HAVE_INT64_T 1
#define HAVE_U_INTXX_T 1
#define HAVE_U_INT64_T 1
#define HAVE_SOCKLEN_T 1
#define HAVE_SIZE_T 1
#define HAVE_SSIZE_T 1
#define HAVE_LIBPTHREAD 1

configure: exit 1
