BFMTV_BFMStory_2012-01-10_175800
BFMTV_BFMStory_2012-01-23_175800
BFMTV_BFMStory_2012-02-14_175800
BFMTV_BFMStory_2012-02-20_175800
BFMTV_CultureEtVous_2012-01-13_065040
BFMTV_CultureEtVous_2012-01-16_075000
BFMTV_CultureEtVous_2012-01-17_065040
BFMTV_CultureEtVous_2012-01-18_065040
BFMTV_CultureEtVous_2012-01-19_065040
BFMTV_CultureEtVous_2012-02-14_065040
BFMTV_CultureEtVous_2012-02-15_065040
LCP_CaVousRegarde_2011-12-20_204600
LCP_CaVousRegarde_2012-01-19_204700
LCP_CaVousRegarde_2012-01-25_204700
LCP_EntreLesLignes_2011-12-16_192700
LCP_EntreLesLignes_2012-01-27_192700
LCP_EntreLesLignes_2012-05-11_192200
LCP_LCPInfo13h30_2012-01-24_132700
LCP_LCPInfo13h30_2012-01-25_132700
LCP_LCPInfo13h30_2012-01-27_132700
LCP_PileEtFace_2011-11-19_085700
LCP_PileEtFace_2011-12-01_192700
LCP_PileEtFace_2012-01-12_192700
LCP_PileEtFace_2012-01-19_192700
LCP_PileEtFace_2012-01-26_192700
LCP_TopQuestions_2012-01-25_232700
LCP_TopQuestions_2012-02-14_232200
LCP_TopQuestions_2012-02-22_232700
