BFMTV_BFMStory_2011-05-11_175900
BFMTV_BFMStory_2011-06-02_175900
BFMTV_BFMStory_2011-06-03_175900
BFMTV_BFMStory_2011-07-05_175900
BFMTV_BFMStory_2011-07-07_175900
BFMTV_BFMStory_2011-07-08_175900
BFMTV_BFMStory_2011-07-11_175900
BFMTV_BFMStory_2011-07-13_175900
BFMTV_BFMStory_2011-09-07_175900
BFMTV_BFMStory_2011-09-12_175900
BFMTV_BFMStory_2011-09-13_175900
BFMTV_BFMStory_2011-10-14_175800
BFMTV_BFMStory_2011-10-17_175800
BFMTV_BFMStory_2011-11-02_175800
BFMTV_BFMStory_2011-11-28_175800
BFMTV_BFMStory_2011-11-29_175800
BFMTV_BFMStory_2011-12-06_175800
BFMTV_BFMStory_2011-12-12_175800
BFMTV_BFMStory_2012-07-05_175800
BFMTV_BFMStory_2012-07-19_175800
BFMTV_BFMStory_2012-07-20_175800
BFMTV_BFMStory_2012-07-23_175800
BFMTV_BFMStory_2012-09-11_175500
BFMTV_CultureEtVous_2012-02-16_065040
BFMTV_CultureEtVous_2012-02-17_065040
BFMTV_CultureEtVous_2012-02-23_075000
BFMTV_CultureEtVous_2012-04-02_065040
BFMTV_CultureEtVous_2012-04-06_065040
BFMTV_CultureEtVous_2012-04-12_065040
BFMTV_CultureEtVous_2012-04-13_065040
BFMTV_CultureEtVous_2012-04-16_065040
BFMTV_CultureEtVous_2012-05-04_065040
BFMTV_CultureEtVous_2012-05-08_065040
BFMTV_CultureEtVous_2012-05-09_065040
BFMTV_CultureEtVous_2012-07-05_065040
BFMTV_CultureEtVous_2012-07-06_065040
BFMTV_CultureEtVous_2012-07-09_065040
BFMTV_CultureEtVous_2012-07-20_065040
BFMTV_CultureEtVous_2012-07-24_065040
BFMTV_CultureEtVous_2012-07-25_065040
BFMTV_CultureEtVous_2012-07-26_065040
BFMTV_CultureEtVous_2012-07-27_065040
BFMTV_CultureEtVous_2012-07-31_065040
BFMTV_CultureEtVous_2012-08-23_065040
BFMTV_CultureEtVous_2012-08-29_065040
BFMTV_CultureEtVous_2012-09-14_064700
BFMTV_CultureEtVous_2012-09-21_064700
BFMTV_CultureEtVous_2012-09-24_064700
BFMTV_CultureEtVous_2012-09-25_064700
BFMTV_CultureEtVous_2012-09-27_064700
BFMTV_CultureEtVous_2012-09-28_064700
BFMTV_CultureEtVous_2012-10-02_064700
BFMTV_PlaneteShowbiz_2011-05-12_064500
BFMTV_PlaneteShowbiz_2011-05-13_064500
BFMTV_PlaneteShowbiz_2011-05-18_065000
BFMTV_PlaneteShowbiz_2011-05-25_065000
BFMTV_PlaneteShowbiz_2011-05-27_065000
BFMTV_PlaneteShowbiz_2011-06-01_065000
BFMTV_PlaneteShowbiz_2011-06-02_065000
BFMTV_PlaneteShowbiz_2011-06-03_065000
BFMTV_PlaneteShowbiz_2011-07-05_065000
BFMTV_PlaneteShowbiz_2011-07-06_075000
BFMTV_PlaneteShowbiz_2011-07-08_065040
BFMTV_PlaneteShowbiz_2011-07-11_065040
BFMTV_PlaneteShowbiz_2011-07-12_065040
BFMTV_PlaneteShowbiz_2011-07-13_065040
BFMTV_PlaneteShowbiz_2011-09-08_065040
BFMTV_PlaneteShowbiz_2011-09-09_065040
BFMTV_PlaneteShowbiz_2011-09-12_075000
BFMTV_PlaneteShowbiz_2011-09-13_065040
BFMTV_PlaneteShowbiz_2011-09-14_065040
BFMTV_PlaneteShowbiz_2011-09-15_065040
BFMTV_PlaneteShowbiz_2011-09-16_065040
BFMTV_PlaneteShowbiz_2011-09-20_065040
BFMTV_PlaneteShowbiz_2011-09-21_065040
BFMTV_PlaneteShowbiz_2011-09-22_065040
BFMTV_PlaneteShowbiz_2011-09-23_065040
BFMTV_PlaneteShowbiz_2011-09-27_065040
BFMTV_PlaneteShowbiz_2011-09-28_075000
BFMTV_PlaneteShowbiz_2011-09-29_075000
BFMTV_PlaneteShowbiz_2011-09-30_065040
BFMTV_PlaneteShowbiz_2011-10-03_065040
BFMTV_PlaneteShowbiz_2011-10-04_065040
BFMTV_PlaneteShowbiz_2011-10-05_065040
BFMTV_PlaneteShowbiz_2011-10-07_065040
BFMTV_PlaneteShowbiz_2011-10-11_065040
BFMTV_PlaneteShowbiz_2011-10-13_065040
BFMTV_PlaneteShowbiz_2011-10-18_065040
BFMTV_PlaneteShowbiz_2011-10-19_065040
BFMTV_PlaneteShowbiz_2011-10-20_065040
BFMTV_PlaneteShowbiz_2011-10-21_075000
BFMTV_PlaneteShowbiz_2011-10-24_065040
BFMTV_PlaneteShowbiz_2011-10-25_065040
BFMTV_PlaneteShowbiz_2011-10-26_075000
BFMTV_PlaneteShowbiz_2011-10-27_065040
BFMTV_PlaneteShowbiz_2011-10-28_065040
BFMTV_PlaneteShowbiz_2011-10-31_065040
BFMTV_PlaneteShowbiz_2011-11-01_065040
BFMTV_PlaneteShowbiz_2011-11-02_065040
BFMTV_PlaneteShowbiz_2011-11-03_075000
BFMTV_PlaneteShowbiz_2011-11-04_065040
BFMTV_PlaneteShowbiz_2011-11-07_065040
BFMTV_PlaneteShowbiz_2011-11-08_065040
BFMTV_PlaneteShowbiz_2011-11-09_065040
BFMTV_PlaneteShowbiz_2011-11-10_065040
BFMTV_PlaneteShowbiz_2011-11-11_065040
BFMTV_PlaneteShowbiz_2011-11-15_065040
BFMTV_PlaneteShowbiz_2011-11-16_065040
BFMTV_PlaneteShowbiz_2011-11-21_065040
BFMTV_PlaneteShowbiz_2011-11-22_065040
BFMTV_PlaneteShowbiz_2011-11-23_075000
BFMTV_PlaneteShowbiz_2011-11-24_065040
BFMTV_PlaneteShowbiz_2011-11-28_065040
BFMTV_PlaneteShowbiz_2011-11-29_065040
BFMTV_PlaneteShowbiz_2011-11-30_075000
BFMTV_PlaneteShowbiz_2011-12-01_065040
BFMTV_PlaneteShowbiz_2011-12-02_065040
BFMTV_PlaneteShowbiz_2011-12-07_065040
BFMTV_PlaneteShowbiz_2011-12-08_065040
BFMTV_PlaneteShowbiz_2011-12-09_065040
BFMTV_PlaneteShowbiz_2011-12-12_065040
BFMTV_PlaneteShowbiz_2011-12-13_075000
BFMTV_PlaneteShowbiz_2011-12-14_065040
BFMTV_PlaneteShowbiz_2011-12-16_065040
BFMTV_PlaneteShowbiz_2011-12-20_065040
LCP_CaVousRegarde_2011-05-04_235900
LCP_CaVousRegarde_2011-05-09_235900
LCP_CaVousRegarde_2011-05-10_204900
LCP_CaVousRegarde_2011-05-11_235900
LCP_CaVousRegarde_2011-05-26_000400
LCP_CaVousRegarde_2011-07-04_235800
LCP_CaVousRegarde_2011-10-13_204600
LCP_CaVousRegarde_2011-10-17_202700
LCP_CaVousRegarde_2011-11-29_204700
LCP_CaVousRegarde_2012-09-11_202200
LCP_CaVousRegarde_2012-09-26_202500
LCP_EntreLesLignes_2011-04-15_192900
LCP_EntreLesLignes_2011-07-05_025800
LCP_EntreLesLignes_2011-07-08_192800
LCP_EntreLesLignes_2011-09-16_192300
LCP_EntreLesLignes_2011-10-01_123300
LCP_EntreLesLignes_2011-10-07_192700
LCP_EntreLesLignes_2011-10-18_032700
LCP_EntreLesLignes_2011-11-18_192700
LCP_EntreLesLignes_2012-07-29_135800
LCP_EntreLesLignes_2012-09-28_212400
LCP_LCPInfo13h30_2011-06-01_132800
LCP_LCPInfo13h30_2011-07-06_132800
LCP_LCPInfo13h30_2011-07-08_132800
LCP_LCPInfo13h30_2011-09-13_132800
LCP_LCPInfo13h30_2011-10-05_132700
LCP_LCPInfo13h30_2011-10-14_132700
LCP_LCPInfo13h30_2011-10-17_132700
LCP_LCPInfo13h30_2011-10-18_132700
LCP_LCPInfo13h30_2011-10-19_132700
LCP_LCPInfo13h30_2011-10-20_132700
LCP_LCPInfo13h30_2011-11-24_132700
LCP_LCPInfo13h30_2011-12-01_132700
LCP_LCPInfo13h30_2011-12-06_132700
LCP_LCPInfo13h30_2011-12-12_132700
LCP_LCPInfo13h30_2012-01-31_132700
LCP_LCPInfo13h30_2012-02-13_132700
LCP_LCPInfo13h30_2012-02-16_132700
LCP_LCPInfo13h30_2012-02-17_132700
LCP_LCPInfo13h30_2012-02-20_132700
LCP_LCPInfo13h30_2012-02-24_132700
LCP_LCPInfo13h30_2012-04-05_132700
LCP_LCPInfo13h30_2012-04-17_132700
LCP_LCPInfo20h30_2011-05-10_202800
LCP_LCPInfo20h30_2011-05-31_202900
LCP_LCPInfo20h30_2011-07-05_202900
LCP_LCPInfo20h30_2011-07-07_202800
LCP_PileEtFace_2011-03-24_192900
LCP_PileEtFace_2011-04-14_192900
LCP_PileEtFace_2011-05-07_025800
LCP_PileEtFace_2011-05-13_005900
LCP_PileEtFace_2011-07-09_030300
LCP_PileEtFace_2011-09-15_185900
LCP_PileEtFace_2011-09-23_095700
LCP_PileEtFace_2011-09-30_145700
LCP_PileEtFace_2011-10-06_192700
LCP_PileEtFace_2011-10-15_032700
LCP_PileEtFace_2011-10-29_032600
LCP_PileEtFace_2011-11-03_192700
LCP_PileEtFace_2011-11-10_192600
LCP_PileEtFace_2011-11-24_192700
LCP_PileEtFace_2012-05-10_192700
LCP_PileEtFace_2012-09-29_085500
LCP_TopQuestions_2011-04-12_213900
LCP_TopQuestions_2011-05-11_213800
LCP_TopQuestions_2011-07-13_213800
LCP_TopQuestions_2011-09-27_232700
LCP_TopQuestions_2011-10-04_201200
LCP_TopQuestions_2011-10-11_232700
LCP_TopQuestions_2011-10-18_232700
LCP_TopQuestions_2011-10-25_232700
LCP_TopQuestions_2011-11-02_232700
LCP_TopQuestions_2011-11-08_232700
LCP_TopQuestions_2011-11-30_201200
LCP_TopQuestions_2011-12-07_201200
LCP_TopQuestions_2011-12-13_232700
LCP_TopQuestions_2011-12-14_232700
LCP_TopQuestions_2011-12-20_232700
LCP_TopQuestions_2011-12-21_232600
LCP_TopQuestions_2012-01-10_233200
LCP_TopQuestions_2012-01-11_232700
LCP_TopQuestions_2012-01-17_232700
LCP_TopQuestions_2012-01-18_232700
LCP_TopQuestions_2012-10-02_232500
LCP_TopQuestions_2012-10-30_232500
