This file contains any messages produced by compilers while
running configure, to aid debugging if configure makes a mistake.

It was created by GridWay configure 5.8.0, which was
generated by GNU Autoconf 2.69.  Invocation command line was

  $ ./configure --no-create --no-recursion

## --------- ##
## Platform. ##
## --------- ##

hostname = diluvio
uname -m = x86_64
uname -r = 4.4.0-45-generic
uname -s = Linux
uname -v = #66-Ubuntu SMP Wed Oct 19 14:12:37 UTC 2016

/usr/bin/uname -p = unknown
/bin/uname -X     = unknown

/bin/arch              = unknown
/usr/bin/arch -k       = unknown
/usr/convex/getsysinfo = unknown
/usr/bin/hostinfo      = unknown
/bin/machine           = unknown
/usr/bin/oslevel       = unknown
/bin/universe          = unknown

PATH: /home/antonio/Escritorio/drm4g_esc/bin
PATH: /usr/local/sbin
PATH: /usr/local/bin
PATH: /usr/sbin
PATH: /usr/bin
PATH: /sbin
PATH: /bin
PATH: /usr/games
PATH: /usr/local/games
PATH: /snap/bin


## ----------- ##
## Core tests. ##
## ----------- ##

configure:2656: checking build system type
configure:2670: result: x86_64-unknown-linux-gnu
configure:2997: checking for gawk
configure:3027: result: no
configure:2997: checking for mawk
configure:3013: found /usr/bin/mawk
configure:3024: result: mawk
configure:3039: checking for bison
configure:3069: result: no
configure:3039: checking for byacc
configure:3069: result: no
configure:3126: checking for gcc
configure:3142: found /usr/bin/gcc
configure:3153: result: gcc
configure:3382: checking for C compiler version
configure:3391: gcc --version >&5
gcc (Ubuntu 5.4.0-6ubuntu1~16.04.2) 5.4.0 20160609
Copyright (C) 2015 Free Software Foundation, Inc.
This is free software; see the source for copying conditions.  There is NO
warranty; not even for MERCHANTABILITY or FITNESS FOR A PARTICULAR PURPOSE.

configure:3402: $? = 0
configure:3391: gcc -v >&5
Using built-in specs.
COLLECT_GCC=gcc
COLLECT_LTO_WRAPPER=/usr/lib/gcc/x86_64-linux-gnu/5/lto-wrapper
Target: x86_64-linux-gnu
Configured with: ../src/configure -v --with-pkgversion='Ubuntu 5.4.0-6ubuntu1~16.04.2' --with-bugurl=file:///usr/share/doc/gcc-5/README.Bugs --enable-languages=c,ada,c++,java,go,d,fortran,objc,obj-c++ --prefix=/usr --program-suffix=-5 --enable-shared --enable-linker-build-id --libexecdir=/usr/lib --without-included-gettext --enable-threads=posix --libdir=/usr/lib --enable-nls --with-sysroot=/ --enable-clocale=gnu --enable-libstdcxx-debug --enable-libstdcxx-time=yes --with-default-libstdcxx-abi=new --enable-gnu-unique-object --disable-vtable-verify --enable-libmpx --enable-plugin --with-system-zlib --disable-browser-plugin --enable-java-awt=gtk --enable-gtk-cairo --with-java-home=/usr/lib/jvm/java-1.5.0-gcj-5-amd64/jre --enable-java-home --with-jvm-root-dir=/usr/lib/jvm/java-1.5.0-gcj-5-amd64 --with-jvm-jar-dir=/usr/lib/jvm-exports/java-1.5.0-gcj-5-amd64 --with-arch-directory=amd64 --with-ecj-jar=/usr/share/java/eclipse-ecj.jar --enable-objc-gc --enable-multiarch --disable-werror --with-arch-32=i686 --with-abi=m64 --with-multilib-list=m32,m64,mx32 --enable-multilib --with-tune=generic --enable-checking=release --build=x86_64-linux-gnu --host=x86_64-linux-gnu --target=x86_64-linux-gnu
Thread model: posix
gcc version 5.4.0 20160609 (Ubuntu 5.4.0-6ubuntu1~16.04.2) 
configure:3402: $? = 0
configure:3391: gcc -V >&5
gcc: error: unrecognized command line option '-V'
gcc: fatal error: no input files
compilation terminated.
configure:3402: $? = 1
configure:3391: gcc -qversion >&5
gcc: error: unrecognized command line option '-qversion'
gcc: fatal error: no input files
compilation terminated.
configure:3402: $? = 1
configure:3422: checking whether the C compiler works
configure:3444: gcc    conftest.c  >&5
configure:3448: $? = 0
configure:3496: result: yes
configure:3499: checking for C compiler default output file name
configure:3501: result: a.out
configure:3507: checking for suffix of executables
configure:3514: gcc -o conftest    conftest.c  >&5
configure:3518: $? = 0
configure:3540: result: 
configure:3562: checking whether we are cross compiling
configure:3570: gcc -o conftest    conftest.c  >&5
configure:3574: $? = 0
configure:3581: ./conftest
configure:3585: $? = 0
configure:3600: result: no
configure:3605: checking for suffix of object files
configure:3627: gcc -c   conftest.c >&5
configure:3631: $? = 0
configure:3652: result: o
configure:3656: checking whether we are using the GNU C compiler
configure:3675: gcc -c   conftest.c >&5
configure:3675: $? = 0
configure:3684: result: yes
configure:3693: checking whether gcc accepts -g
configure:3713: gcc -c -g  conftest.c >&5
configure:3713: $? = 0
configure:3754: result: yes
configure:3771: checking for gcc option to accept ISO C89
configure:3834: gcc  -c -g -O2  conftest.c >&5
configure:3834: $? = 0
configure:3847: result: none needed
configure:3925: checking for g++
configure:3941: found /usr/bin/g++
configure:3952: result: g++
configure:3979: checking for C++ compiler version
configure:3988: g++ --version >&5
g++ (Ubuntu 5.4.0-6ubuntu1~16.04.2) 5.4.0 20160609
Copyright (C) 2015 Free Software Foundation, Inc.
This is free software; see the source for copying conditions.  There is NO
warranty; not even for MERCHANTABILITY or FITNESS FOR A PARTICULAR PURPOSE.

configure:3999: $? = 0
configure:3988: g++ -v >&5
Using built-in specs.
COLLECT_GCC=g++
COLLECT_LTO_WRAPPER=/usr/lib/gcc/x86_64-linux-gnu/5/lto-wrapper
Target: x86_64-linux-gnu
Configured with: ../src/configure -v --with-pkgversion='Ubuntu 5.4.0-6ubuntu1~16.04.2' --with-bugurl=file:///usr/share/doc/gcc-5/README.Bugs --enable-languages=c,ada,c++,java,go,d,fortran,objc,obj-c++ --prefix=/usr --program-suffix=-5 --enable-shared --enable-linker-build-id --libexecdir=/usr/lib --without-included-gettext --enable-threads=posix --libdir=/usr/lib --enable-nls --with-sysroot=/ --enable-clocale=gnu --enable-libstdcxx-debug --enable-libstdcxx-time=yes --with-default-libstdcxx-abi=new --enable-gnu-unique-object --disable-vtable-verify --enable-libmpx --enable-plugin --with-system-zlib --disable-browser-plugin --enable-java-awt=gtk --enable-gtk-cairo --with-java-home=/usr/lib/jvm/java-1.5.0-gcj-5-amd64/jre --enable-java-home --with-jvm-root-dir=/usr/lib/jvm/java-1.5.0-gcj-5-amd64 --with-jvm-jar-dir=/usr/lib/jvm-exports/java-1.5.0-gcj-5-amd64 --with-arch-directory=amd64 --with-ecj-jar=/usr/share/java/eclipse-ecj.jar --enable-objc-gc --enable-multiarch --disable-werror --with-arch-32=i686 --with-abi=m64 --with-multilib-list=m32,m64,mx32 --enable-multilib --with-tune=generic --enable-checking=release --build=x86_64-linux-gnu --host=x86_64-linux-gnu --target=x86_64-linux-gnu
Thread model: posix
gcc version 5.4.0 20160609 (Ubuntu 5.4.0-6ubuntu1~16.04.2) 
configure:3999: $? = 0
configure:3988: g++ -V >&5
g++: error: unrecognized command line option '-V'
g++: fatal error: no input files
compilation terminated.
configure:3999: $? = 1
configure:3988: g++ -qversion >&5
g++: error: unrecognized command line option '-qversion'
g++: fatal error: no input files
compilation terminated.
configure:3999: $? = 1
configure:4003: checking whether we are using the GNU C++ compiler
configure:4022: g++ -c   conftest.cpp >&5
configure:4022: $? = 0
configure:4031: result: yes
configure:4040: checking whether g++ accepts -g
configure:4060: g++ -c -g  conftest.cpp >&5
configure:4060: $? = 0
configure:4101: result: yes
configure:4124: checking whether ln -s works
configure:4128: result: yes
configure:4135: checking whether make sets $(MAKE)
configure:4157: result: yes
configure:4169: checking for javac
configure:4202: result: no
configure:4209: WARNING: "A Java compiler is needed for GridWay's DRMAA Java and JSDL"
configure:4214: WARNING: "JAVA_HOME is not set
configure:4238: checking for a BSD-compatible install
configure:4306: result: /usr/bin/install -c
configure:4317: checking whether build environment is sane
configure:4367: result: yes
configure:4508: checking for a thread-safe mkdir -p
configure:4547: result: /bin/mkdir -p
configure:4577: checking for style of include used by make
configure:4605: result: GNU
configure:4684: checking how to create a ustar tar archive
configure:4697: tar --version
tar (GNU tar) 1.28
Copyright (C) 2014 Free Software Foundation, Inc.
License GPLv3+: GNU GPL version 3 or later <http://gnu.org/licenses/gpl.html>.
This is free software: you are free to change and redistribute it.
There is NO WARRANTY, to the extent permitted by law.

Written by John Gilmore and Jay Fenlason.
configure:4700: $? = 0
configure:4740: tardir=conftest.dir && eval tar --format=ustar -chf - "$tardir" >conftest.tar
configure:4743: $? = 0
configure:4747: tar -xf - <conftest.tar
configure:4750: $? = 0
configure:4763: result: gnutar
configure:4771: checking dependency style of gcc
configure:4881: result: none
configure:4898: checking dependency style of g++
configure:5008: result: none
configure:5025: checking whether gcc and cc understand -c and -o together
configure:5056: gcc -c conftest.c -o conftest2.o >&5
configure:5060: $? = 0
configure:5066: gcc -c conftest.c -o conftest2.o >&5
configure:5070: $? = 0
configure:5081: cc -c conftest.c >&5
configure:5085: $? = 0
configure:5093: cc -c conftest.c -o conftest2.o >&5
configure:5097: $? = 0
configure:5103: cc -c conftest.c -o conftest2.o >&5
configure:5107: $? = 0
configure:5125: result: yes
configure:5155: checking for flex
configure:5185: result: no
configure:5155: checking for lex
configure:5185: result: no
configure:5318: checking for pthread_cond_wait in -lpthread
configure:5343: gcc -o conftest -g -O2   conftest.c -lpthread   >&5
configure:5343: $? = 0
configure:5352: result: yes
configure:5420: checking for dirent.h that defines DIR
configure:5439: gcc -c -g -O2  conftest.c >&5
configure:5439: $? = 0
configure:5447: result: yes
configure:5460: checking for library containing opendir
configure:5491: gcc -o conftest -g -O2   conftest.c -lpthread  >&5
configure:5491: $? = 0
configure:5508: result: none required
configure:5580: checking how to run the C preprocessor
configure:5611: gcc -E  conftest.c
configure:5611: $? = 0
configure:5625: gcc -E  conftest.c
conftest.c:13:28: fatal error: ac_nonexistent.h: No such file or directory
compilation terminated.
configure:5625: $? = 1
configure: failed program was:
| /* confdefs.h */
| #define PACKAGE_NAME "GridWay"
| #define PACKAGE_TARNAME "gridway"
| #define PACKAGE_VERSION "5.8.0"
| #define PACKAGE_STRING "GridWay 5.8.0"
| #define PACKAGE_BUGREPORT "contact@gridway.org"
| #define PACKAGE_URL "http://gridway.org"
| #define PACKAGE "gridway"
| #define VERSION "5.8.0"
| #define HAVE_LIBPTHREAD 1
| #define HAVE_DIRENT_H 1
| /* end confdefs.h.  */
| #include <ac_nonexistent.h>
configure:5650: result: gcc -E
configure:5670: gcc -E  conftest.c
configure:5670: $? = 0
configure:5684: gcc -E  conftest.c
conftest.c:13:28: fatal error: ac_nonexistent.h: No such file or directory
compilation terminated.
configure:5684: $? = 1
configure: failed program was:
| /* confdefs.h */
| #define PACKAGE_NAME "GridWay"
| #define PACKAGE_TARNAME "gridway"
| #define PACKAGE_VERSION "5.8.0"
| #define PACKAGE_STRING "GridWay 5.8.0"
| #define PACKAGE_BUGREPORT "contact@gridway.org"
| #define PACKAGE_URL "http://gridway.org"
| #define PACKAGE "gridway"
| #define VERSION "5.8.0"
| #define HAVE_LIBPTHREAD 1
| #define HAVE_DIRENT_H 1
| /* end confdefs.h.  */
| #include <ac_nonexistent.h>
configure:5713: checking for grep that handles long lines and -e
configure:5771: result: /bin/grep
configure:5776: checking for egrep
configure:5838: result: /bin/grep -E
configure:5843: checking for ANSI C header files
configure:5863: gcc -c -g -O2  conftest.c >&5
configure:5863: $? = 0
configure:5936: gcc -o conftest -g -O2   conftest.c -lpthread  >&5
configure:5936: $? = 0
configure:5936: ./conftest
configure:5936: $? = 0
configure:5947: result: yes
configure:5955: checking for sys/wait.h that is POSIX.1 compatible
configure:5981: gcc -c -g -O2  conftest.c >&5
configure:5981: $? = 0
configure:5988: result: yes
configure:6002: checking for sys/types.h
configure:6002: gcc -c -g -O2  conftest.c >&5
configure:6002: $? = 0
configure:6002: result: yes
configure:6002: checking for sys/stat.h
configure:6002: gcc -c -g -O2  conftest.c >&5
configure:6002: $? = 0
configure:6002: result: yes
configure:6002: checking for stdlib.h
configure:6002: gcc -c -g -O2  conftest.c >&5
configure:6002: $? = 0
configure:6002: result: yes
configure:6002: checking for string.h
configure:6002: gcc -c -g -O2  conftest.c >&5
configure:6002: $? = 0
configure:6002: result: yes
configure:6002: checking for memory.h
configure:6002: gcc -c -g -O2  conftest.c >&5
configure:6002: $? = 0
configure:6002: result: yes
configure:6002: checking for strings.h
configure:6002: gcc -c -g -O2  conftest.c >&5
configure:6002: $? = 0
configure:6002: result: yes
configure:6002: checking for inttypes.h
configure:6002: gcc -c -g -O2  conftest.c >&5
configure:6002: $? = 0
configure:6002: result: yes
configure:6002: checking for stdint.h
configure:6002: gcc -c -g -O2  conftest.c >&5
configure:6002: $? = 0
configure:6002: result: yes
configure:6002: checking for unistd.h
configure:6002: gcc -c -g -O2  conftest.c >&5
configure:6002: $? = 0
configure:6002: result: yes
configure:6017: checking arpa/inet.h usability
configure:6017: gcc -c -g -O2  conftest.c >&5
configure:6017: $? = 0
configure:6017: result: yes
configure:6017: checking arpa/inet.h presence
configure:6017: gcc -E  conftest.c
configure:6017: $? = 0
configure:6017: result: yes
configure:6017: checking for arpa/inet.h
configure:6017: result: yes
configure:6017: checking fcntl.h usability
configure:6017: gcc -c -g -O2  conftest.c >&5
configure:6017: $? = 0
configure:6017: result: yes
configure:6017: checking fcntl.h presence
configure:6017: gcc -E  conftest.c
configure:6017: $? = 0
configure:6017: result: yes
configure:6017: checking for fcntl.h
configure:6017: result: yes
configure:6017: checking for inttypes.h
configure:6017: result: yes
configure:6017: checking libintl.h usability
configure:6017: gcc -c -g -O2  conftest.c >&5
configure:6017: $? = 0
configure:6017: result: yes
configure:6017: checking libintl.h presence
configure:6017: gcc -E  conftest.c
configure:6017: $? = 0
configure:6017: result: yes
configure:6017: checking for libintl.h
configure:6017: result: yes
configure:6017: checking limits.h usability
configure:6017: gcc -c -g -O2  conftest.c >&5
configure:6017: $? = 0
configure:6017: result: yes
configure:6017: checking limits.h presence
configure:6017: gcc -E  conftest.c
configure:6017: $? = 0
configure:6017: result: yes
configure:6017: checking for limits.h
configure:6017: result: yes
configure:6017: checking netdb.h usability
configure:6017: gcc -c -g -O2  conftest.c >&5
configure:6017: $? = 0
configure:6017: result: yes
configure:6017: checking netdb.h presence
configure:6017: gcc -E  conftest.c
configure:6017: $? = 0
configure:6017: result: yes
configure:6017: checking for netdb.h
configure:6017: result: yes
configure:6017: checking netinet/in.h usability
configure:6017: gcc -c -g -O2  conftest.c >&5
configure:6017: $? = 0
configure:6017: result: yes
configure:6017: checking netinet/in.h presence
configure:6017: gcc -E  conftest.c
configure:6017: $? = 0
configure:6017: result: yes
configure:6017: checking for netinet/in.h
configure:6017: result: yes
configure:6017: checking stddef.h usability
configure:6017: gcc -c -g -O2  conftest.c >&5
configure:6017: $? = 0
configure:6017: result: yes
configure:6017: checking stddef.h presence
configure:6017: gcc -E  conftest.c
configure:6017: $? = 0
configure:6017: result: yes
configure:6017: checking for stddef.h
configure:6017: result: yes
configure:6017: checking for stdlib.h
configure:6017: result: yes
configure:6017: checking for string.h
configure:6017: result: yes
configure:6017: checking sys/socket.h usability
configure:6017: gcc -c -g -O2  conftest.c >&5
configure:6017: $? = 0
configure:6017: result: yes
configure:6017: checking sys/socket.h presence
configure:6017: gcc -E  conftest.c
configure:6017: $? = 0
configure:6017: result: yes
configure:6017: checking for sys/socket.h
configure:6017: result: yes
configure:6017: checking for unistd.h
configure:6017: result: yes
configure:6017: checking float.h usability
configure:6017: gcc -c -g -O2  conftest.c >&5
configure:6017: $? = 0
configure:6017: result: yes
configure:6017: checking float.h presence
configure:6017: gcc -E  conftest.c
configure:6017: $? = 0
configure:6017: result: yes
configure:6017: checking for float.h
configure:6017: result: yes
configure:6017: checking malloc.h usability
configure:6017: gcc -c -g -O2  conftest.c >&5
configure:6017: $? = 0
configure:6017: result: yes
configure:6017: checking malloc.h presence
configure:6017: gcc -E  conftest.c
configure:6017: $? = 0
configure:6017: result: yes
configure:6017: checking for malloc.h
configure:6017: result: yes
configure:6033: checking for an ANSI C-conforming const
configure:6099: gcc -c -g -O2  conftest.c >&5
configure:6099: $? = 0
configure:6106: result: yes
configure:6114: checking for inline
configure:6130: gcc -c -g -O2  conftest.c >&5
configure:6130: $? = 0
configure:6138: result: inline
configure:6156: checking for mode_t
configure:6156: gcc -c -g -O2  conftest.c >&5
configure:6156: $? = 0
configure:6156: gcc -c -g -O2  conftest.c >&5
conftest.c: In function 'main':
conftest.c:74:21: error: expected expression before ')' token
 if (sizeof ((mode_t)))
                     ^
configure:6156: $? = 1
configure: failed program was:
| /* confdefs.h */
| #define PACKAGE_NAME "GridWay"
| #define PACKAGE_TARNAME "gridway"
| #define PACKAGE_VERSION "5.8.0"
| #define PACKAGE_STRING "GridWay 5.8.0"
| #define PACKAGE_BUGREPORT "contact@gridway.org"
| #define PACKAGE_URL "http://gridway.org"
| #define PACKAGE "gridway"
| #define VERSION "5.8.0"
| #define HAVE_LIBPTHREAD 1
| #define HAVE_DIRENT_H 1
| #define STDC_HEADERS 1
| #define HAVE_SYS_WAIT_H 1
| #define HAVE_SYS_TYPES_H 1
| #define HAVE_SYS_STAT_H 1
| #define HAVE_STDLIB_H 1
| #define HAVE_STRING_H 1
| #define HAVE_MEMORY_H 1
| #define HAVE_STRINGS_H 1
| #define HAVE_INTTYPES_H 1
| #define HAVE_STDINT_H 1
| #define HAVE_UNISTD_H 1
| #define HAVE_ARPA_INET_H 1
| #define HAVE_FCNTL_H 1
| #define HAVE_INTTYPES_H 1
| #define HAVE_LIBINTL_H 1
| #define HAVE_LIMITS_H 1
| #define HAVE_NETDB_H 1
| #define HAVE_NETINET_IN_H 1
| #define HAVE_STDDEF_H 1
| #define HAVE_STDLIB_H 1
| #define HAVE_STRING_H 1
| #define HAVE_SYS_SOCKET_H 1
| #define HAVE_UNISTD_H 1
| #define HAVE_FLOAT_H 1
| #define HAVE_MALLOC_H 1
| /* end confdefs.h.  */
| #include <stdio.h>
| #ifdef HAVE_SYS_TYPES_H
| # include <sys/types.h>
| #endif
| #ifdef HAVE_SYS_STAT_H
| # include <sys/stat.h>
| #endif
| #ifdef STDC_HEADERS
| # include <stdlib.h>
| # include <stddef.h>
| #else
| # ifdef HAVE_STDLIB_H
| #  include <stdlib.h>
| # endif
| #endif
| #ifdef HAVE_STRING_H
| # if !defined STDC_HEADERS && defined HAVE_MEMORY_H
| #  include <memory.h>
| # endif
| # include <string.h>
| #endif
| #ifdef HAVE_STRINGS_H
| # include <strings.h>
| #endif
| #ifdef HAVE_INTTYPES_H
| # include <inttypes.h>
| #endif
| #ifdef HAVE_STDINT_H
| # include <stdint.h>
| #endif
| #ifdef HAVE_UNISTD_H
| # include <unistd.h>
| #endif
| int
| main ()
| {
| if (sizeof ((mode_t)))
| 	    return 0;
|   ;
|   return 0;
| }
configure:6156: result: yes
configure:6167: checking for pid_t
configure:6167: gcc -c -g -O2  conftest.c >&5
configure:6167: $? = 0
configure:6167: gcc -c -g -O2  conftest.c >&5
conftest.c: In function 'main':
conftest.c:74:20: error: expected expression before ')' token
 if (sizeof ((pid_t)))
                    ^
configure:6167: $? = 1
configure: failed program was:
| /* confdefs.h */
| #define PACKAGE_NAME "GridWay"
| #define PACKAGE_TARNAME "gridway"
| #define PACKAGE_VERSION "5.8.0"
| #define PACKAGE_STRING "GridWay 5.8.0"
| #define PACKAGE_BUGREPORT "contact@gridway.org"
| #define PACKAGE_URL "http://gridway.org"
| #define PACKAGE "gridway"
| #define VERSION "5.8.0"
| #define HAVE_LIBPTHREAD 1
| #define HAVE_DIRENT_H 1
| #define STDC_HEADERS 1
| #define HAVE_SYS_WAIT_H 1
| #define HAVE_SYS_TYPES_H 1
| #define HAVE_SYS_STAT_H 1
| #define HAVE_STDLIB_H 1
| #define HAVE_STRING_H 1
| #define HAVE_MEMORY_H 1
| #define HAVE_STRINGS_H 1
| #define HAVE_INTTYPES_H 1
| #define HAVE_STDINT_H 1
| #define HAVE_UNISTD_H 1
| #define HAVE_ARPA_INET_H 1
| #define HAVE_FCNTL_H 1
| #define HAVE_INTTYPES_H 1
| #define HAVE_LIBINTL_H 1
| #define HAVE_LIMITS_H 1
| #define HAVE_NETDB_H 1
| #define HAVE_NETINET_IN_H 1
| #define HAVE_STDDEF_H 1
| #define HAVE_STDLIB_H 1
| #define HAVE_STRING_H 1
| #define HAVE_SYS_SOCKET_H 1
| #define HAVE_UNISTD_H 1
| #define HAVE_FLOAT_H 1
| #define HAVE_MALLOC_H 1
| /* end confdefs.h.  */
| #include <stdio.h>
| #ifdef HAVE_SYS_TYPES_H
| # include <sys/types.h>
| #endif
| #ifdef HAVE_SYS_STAT_H
| # include <sys/stat.h>
| #endif
| #ifdef STDC_HEADERS
| # include <stdlib.h>
| # include <stddef.h>
| #else
| # ifdef HAVE_STDLIB_H
| #  include <stdlib.h>
| # endif
| #endif
| #ifdef HAVE_STRING_H
| # if !defined STDC_HEADERS && defined HAVE_MEMORY_H
| #  include <memory.h>
| # endif
| # include <string.h>
| #endif
| #ifdef HAVE_STRINGS_H
| # include <strings.h>
| #endif
| #ifdef HAVE_INTTYPES_H
| # include <inttypes.h>
| #endif
| #ifdef HAVE_STDINT_H
| # include <stdint.h>
| #endif
| #ifdef HAVE_UNISTD_H
| # include <unistd.h>
| #endif
| int
| main ()
| {
| if (sizeof ((pid_t)))
| 	    return 0;
|   ;
|   return 0;
| }
configure:6167: result: yes
configure:6178: checking for size_t
configure:6178: gcc -c -g -O2  conftest.c >&5
configure:6178: $? = 0
configure:6178: gcc -c -g -O2  conftest.c >&5
conftest.c: In function 'main':
conftest.c:74:21: error: expected expression before ')' token
 if (sizeof ((size_t)))
                     ^
configure:6178: $? = 1
configure: failed program was:
| /* confdefs.h */
| #define PACKAGE_NAME "GridWay"
| #define PACKAGE_TARNAME "gridway"
| #define PACKAGE_VERSION "5.8.0"
| #define PACKAGE_STRING "GridWay 5.8.0"
| #define PACKAGE_BUGREPORT "contact@gridway.org"
| #define PACKAGE_URL "http://gridway.org"
| #define PACKAGE "gridway"
| #define VERSION "5.8.0"
| #define HAVE_LIBPTHREAD 1
| #define HAVE_DIRENT_H 1
| #define STDC_HEADERS 1
| #define HAVE_SYS_WAIT_H 1
| #define HAVE_SYS_TYPES_H 1
| #define HAVE_SYS_STAT_H 1
| #define HAVE_STDLIB_H 1
| #define HAVE_STRING_H 1
| #define HAVE_MEMORY_H 1
| #define HAVE_STRINGS_H 1
| #define HAVE_INTTYPES_H 1
| #define HAVE_STDINT_H 1
| #define HAVE_UNISTD_H 1
| #define HAVE_ARPA_INET_H 1
| #define HAVE_FCNTL_H 1
| #define HAVE_INTTYPES_H 1
| #define HAVE_LIBINTL_H 1
| #define HAVE_LIMITS_H 1
| #define HAVE_NETDB_H 1
| #define HAVE_NETINET_IN_H 1
| #define HAVE_STDDEF_H 1
| #define HAVE_STDLIB_H 1
| #define HAVE_STRING_H 1
| #define HAVE_SYS_SOCKET_H 1
| #define HAVE_UNISTD_H 1
| #define HAVE_FLOAT_H 1
| #define HAVE_MALLOC_H 1
| /* end confdefs.h.  */
| #include <stdio.h>
| #ifdef HAVE_SYS_TYPES_H
| # include <sys/types.h>
| #endif
| #ifdef HAVE_SYS_STAT_H
| # include <sys/stat.h>
| #endif
| #ifdef STDC_HEADERS
| # include <stdlib.h>
| # include <stddef.h>
| #else
| # ifdef HAVE_STDLIB_H
| #  include <stdlib.h>
| # endif
| #endif
| #ifdef HAVE_STRING_H
| # if !defined STDC_HEADERS && defined HAVE_MEMORY_H
| #  include <memory.h>
| # endif
| # include <string.h>
| #endif
| #ifdef HAVE_STRINGS_H
| # include <strings.h>
| #endif
| #ifdef HAVE_INTTYPES_H
| # include <inttypes.h>
| #endif
| #ifdef HAVE_STDINT_H
| # include <stdint.h>
| #endif
| #ifdef HAVE_UNISTD_H
| # include <unistd.h>
| #endif
| int
| main ()
| {
| if (sizeof ((size_t)))
| 	    return 0;
|   ;
|   return 0;
| }
configure:6178: result: yes
configure:6189: checking whether time.h and sys/time.h may both be included
configure:6209: gcc -c -g -O2  conftest.c >&5
configure:6209: $? = 0
configure:6216: result: yes
configure:6224: checking whether struct tm is in sys/time.h or time.h
configure:6244: gcc -c -g -O2  conftest.c >&5
configure:6244: $? = 0
configure:6251: result: time.h
configure:6266: checking for working alloca.h
configure:6283: gcc -o conftest -g -O2   conftest.c -lpthread  >&5
configure:6283: $? = 0
configure:6291: result: yes
configure:6299: checking for alloca
configure:6336: gcc -o conftest -g -O2   conftest.c -lpthread  >&5
configure:6336: $? = 0
configure:6344: result: yes
configure:6450: checking for mbstate_t
configure:6467: gcc -c -g -O2  conftest.c >&5
configure:6467: $? = 0
configure:6474: result: yes
configure:6485: checking for working POSIX fnmatch
configure:6518: gcc -o conftest -g -O2   conftest.c -lpthread  >&5
configure:6518: $? = 0
configure:6518: ./conftest
configure:6518: $? = 0
configure:6528: result: yes
configure:6586: checking vfork.h usability
configure:6586: gcc -c -g -O2  conftest.c >&5
conftest.c:75:19: fatal error: vfork.h: No such file or directory
compilation terminated.
configure:6586: $? = 1
configure: failed program was:
| /* confdefs.h */
| #define PACKAGE_NAME "GridWay"
| #define PACKAGE_TARNAME "gridway"
| #define PACKAGE_VERSION "5.8.0"
| #define PACKAGE_STRING "GridWay 5.8.0"
| #define PACKAGE_BUGREPORT "contact@gridway.org"
| #define PACKAGE_URL "http://gridway.org"
| #define PACKAGE "gridway"
| #define VERSION "5.8.0"
| #define HAVE_LIBPTHREAD 1
| #define HAVE_DIRENT_H 1
| #define STDC_HEADERS 1
| #define HAVE_SYS_WAIT_H 1
| #define HAVE_SYS_TYPES_H 1
| #define HAVE_SYS_STAT_H 1
| #define HAVE_STDLIB_H 1
| #define HAVE_STRING_H 1
| #define HAVE_MEMORY_H 1
| #define HAVE_STRINGS_H 1
| #define HAVE_INTTYPES_H 1
| #define HAVE_STDINT_H 1
| #define HAVE_UNISTD_H 1
| #define HAVE_ARPA_INET_H 1
| #define HAVE_FCNTL_H 1
| #define HAVE_INTTYPES_H 1
| #define HAVE_LIBINTL_H 1
| #define HAVE_LIMITS_H 1
| #define HAVE_NETDB_H 1
| #define HAVE_NETINET_IN_H 1
| #define HAVE_STDDEF_H 1
| #define HAVE_STDLIB_H 1
| #define HAVE_STRING_H 1
| #define HAVE_SYS_SOCKET_H 1
| #define HAVE_UNISTD_H 1
| #define HAVE_FLOAT_H 1
| #define HAVE_MALLOC_H 1
| #define TIME_WITH_SYS_TIME 1
| #define HAVE_ALLOCA_H 1
| #define HAVE_ALLOCA 1
| #define HAVE_MBSTATE_T 1
| /* end confdefs.h.  */
| #include <stdio.h>
| #ifdef HAVE_SYS_TYPES_H
| # include <sys/types.h>
| #endif
| #ifdef HAVE_SYS_STAT_H
| # include <sys/stat.h>
| #endif
| #ifdef STDC_HEADERS
| # include <stdlib.h>
| # include <stddef.h>
| #else
| # ifdef HAVE_STDLIB_H
| #  include <stdlib.h>
| # endif
| #endif
| #ifdef HAVE_STRING_H
| # if !defined STDC_HEADERS && defined HAVE_MEMORY_H
| #  include <memory.h>
| # endif
| # include <string.h>
| #endif
| #ifdef HAVE_STRINGS_H
| # include <strings.h>
| #endif
| #ifdef HAVE_INTTYPES_H
| # include <inttypes.h>
| #endif
| #ifdef HAVE_STDINT_H
| # include <stdint.h>
| #endif
| #ifdef HAVE_UNISTD_H
| # include <unistd.h>
| #endif
| #include <vfork.h>
configure:6586: result: no
configure:6586: checking vfork.h presence
configure:6586: gcc -E  conftest.c
conftest.c:42:19: fatal error: vfork.h: No such file or directory
compilation terminated.
configure:6586: $? = 1
configure: failed program was:
| /* confdefs.h */
| #define PACKAGE_NAME "GridWay"
| #define PACKAGE_TARNAME "gridway"
| #define PACKAGE_VERSION "5.8.0"
| #define PACKAGE_STRING "GridWay 5.8.0"
| #define PACKAGE_BUGREPORT "contact@gridway.org"
| #define PACKAGE_URL "http://gridway.org"
| #define PACKAGE "gridway"
| #define VERSION "5.8.0"
| #define HAVE_LIBPTHREAD 1
| #define HAVE_DIRENT_H 1
| #define STDC_HEADERS 1
| #define HAVE_SYS_WAIT_H 1
| #define HAVE_SYS_TYPES_H 1
| #define HAVE_SYS_STAT_H 1
| #define HAVE_STDLIB_H 1
| #define HAVE_STRING_H 1
| #define HAVE_MEMORY_H 1
| #define HAVE_STRINGS_H 1
| #define HAVE_INTTYPES_H 1
| #define HAVE_STDINT_H 1
| #define HAVE_UNISTD_H 1
| #define HAVE_ARPA_INET_H 1
| #define HAVE_FCNTL_H 1
| #define HAVE_INTTYPES_H 1
| #define HAVE_LIBINTL_H 1
| #define HAVE_LIMITS_H 1
| #define HAVE_NETDB_H 1
| #define HAVE_NETINET_IN_H 1
| #define HAVE_STDDEF_H 1
| #define HAVE_STDLIB_H 1
| #define HAVE_STRING_H 1
| #define HAVE_SYS_SOCKET_H 1
| #define HAVE_UNISTD_H 1
| #define HAVE_FLOAT_H 1
| #define HAVE_MALLOC_H 1
| #define TIME_WITH_SYS_TIME 1
| #define HAVE_ALLOCA_H 1
| #define HAVE_ALLOCA 1
| #define HAVE_MBSTATE_T 1
| /* end confdefs.h.  */
| #include <vfork.h>
configure:6586: result: no
configure:6586: checking for vfork.h
configure:6586: result: no
configure:6599: checking for fork
configure:6599: gcc -o conftest -g -O2   conftest.c -lpthread  >&5
conftest.c:65:6: warning: conflicting types for built-in function 'fork'
 char fork ();
      ^
configure:6599: $? = 0
configure:6599: result: yes
configure:6599: checking for vfork
configure:6599: gcc -o conftest -g -O2   conftest.c -lpthread  >&5
configure:6599: $? = 0
configure:6599: result: yes
configure:6609: checking for working fork
configure:6631: gcc -o conftest -g -O2   conftest.c -lpthread  >&5
configure:6631: $? = 0
configure:6631: ./conftest
configure:6631: $? = 0
configure:6641: result: yes
configure:6662: checking for working vfork
configure:6772: result: yes
configure:6799: checking for stdlib.h
configure:6799: result: yes
configure:6809: checking for GNU libc compatible malloc
configure:6833: gcc -o conftest -g -O2   conftest.c -lpthread  >&5
configure:6833: $? = 0
configure:6833: ./conftest
configure:6833: $? = 0
configure:6843: result: yes
configure:6866: checking for stdlib.h
configure:6866: result: yes
configure:6876: checking for GNU libc compatible realloc
configure:6900: gcc -o conftest -g -O2   conftest.c -lpthread  >&5
configure:6900: $? = 0
configure:6900: ./conftest
configure:6900: $? = 0
configure:6910: result: yes
configure:6934: checking sys/select.h usability
configure:6934: gcc -c -g -O2  conftest.c >&5
configure:6934: $? = 0
configure:6934: result: yes
configure:6934: checking sys/select.h presence
configure:6934: gcc -E  conftest.c
configure:6934: $? = 0
configure:6934: result: yes
configure:6934: checking for sys/select.h
configure:6934: result: yes
configure:6934: checking for sys/socket.h
configure:6934: result: yes
configure:6944: checking types of arguments for select
configure:6972: gcc -c -g -O2  conftest.c >&5
configure:6972: $? = 0
configure:6983: result: int,fd_set *,struct timeval *
configure:7006: checking whether lstat correctly handles trailing slash
configure:7032: gcc -o conftest -g -O2   conftest.c -lpthread  >&5
configure:7032: $? = 0
configure:7032: ./conftest
configure:7032: $? = 0
configure:7049: result: yes
configure:7068: checking whether stat accepts an empty string
configure:7088: gcc -o conftest -g -O2   conftest.c -lpthread  >&5
configure:7088: $? = 0
configure:7088: ./conftest
configure:7088: $? = 0
configure:7098: result: no
configure:7116: checking for vprintf
configure:7116: gcc -o conftest -g -O2   conftest.c -lpthread  >&5
conftest.c:79:6: warning: conflicting types for built-in function 'vprintf'
 char vprintf ();
      ^
configure:7116: $? = 0
configure:7116: result: yes
configure:7122: checking for _doprnt
configure:7122: gcc -o conftest -g -O2   conftest.c -lpthread  >&5
/tmp/ccbSnt91.o: In function `main':
/home/antonio/Documentos/DRM4G/source_code/gridway-5.8/conftest.c:91: undefined reference to `_doprnt'
collect2: error: ld returned 1 exit status
configure:7122: $? = 1
configure: failed program was:
| /* confdefs.h */
| #define PACKAGE_NAME "GridWay"
| #define PACKAGE_TARNAME "gridway"
| #define PACKAGE_VERSION "5.8.0"
| #define PACKAGE_STRING "GridWay 5.8.0"
| #define PACKAGE_BUGREPORT "contact@gridway.org"
| #define PACKAGE_URL "http://gridway.org"
| #define PACKAGE "gridway"
| #define VERSION "5.8.0"
| #define HAVE_LIBPTHREAD 1
| #define HAVE_DIRENT_H 1
| #define STDC_HEADERS 1
| #define HAVE_SYS_WAIT_H 1
| #define HAVE_SYS_TYPES_H 1
| #define HAVE_SYS_STAT_H 1
| #define HAVE_STDLIB_H 1
| #define HAVE_STRING_H 1
| #define HAVE_MEMORY_H 1
| #define HAVE_STRINGS_H 1
| #define HAVE_INTTYPES_H 1
| #define HAVE_STDINT_H 1
| #define HAVE_UNISTD_H 1
| #define HAVE_ARPA_INET_H 1
| #define HAVE_FCNTL_H 1
| #define HAVE_INTTYPES_H 1
| #define HAVE_LIBINTL_H 1
| #define HAVE_LIMITS_H 1
| #define HAVE_NETDB_H 1
| #define HAVE_NETINET_IN_H 1
| #define HAVE_STDDEF_H 1
| #define HAVE_STDLIB_H 1
| #define HAVE_STRING_H 1
| #define HAVE_SYS_SOCKET_H 1
| #define HAVE_UNISTD_H 1
| #define HAVE_FLOAT_H 1
| #define HAVE_MALLOC_H 1
| #define TIME_WITH_SYS_TIME 1
| #define HAVE_ALLOCA_H 1
| #define HAVE_ALLOCA 1
| #define HAVE_MBSTATE_T 1
| #define HAVE_FORK 1
| #define HAVE_VFORK 1
| #define HAVE_WORKING_VFORK 1
| #define HAVE_WORKING_FORK 1
| #define HAVE_STDLIB_H 1
| #define HAVE_MALLOC 1
| #define HAVE_STDLIB_H 1
| #define HAVE_REALLOC 1
| #define HAVE_SYS_SELECT_H 1
| #define HAVE_SYS_SOCKET_H 1
| #define SELECT_TYPE_ARG1 int
| #define SELECT_TYPE_ARG234 (fd_set *)
| #define SELECT_TYPE_ARG5 (struct timeval *)
| #define LSTAT_FOLLOWS_SLASHED_SYMLINK 1
| #define HAVE_VPRINTF 1
| /* end confdefs.h.  */
| /* Define _doprnt to an innocuous variant, in case <limits.h> declares _doprnt.
|    For example, HP-UX 11i <limits.h> declares gettimeofday.  */
| #define _doprnt innocuous__doprnt
| 
| /* System header to define __stub macros and hopefully few prototypes,
|     which can conflict with char _doprnt (); below.
|     Prefer <limits.h> to <assert.h> if __STDC__ is defined, since
|     <limits.h> exists even on freestanding compilers.  */
| 
| #ifdef __STDC__
| # include <limits.h>
| #else
| # include <assert.h>
| #endif
| 
| #undef _doprnt
| 
| /* Override any GCC internal prototype to avoid an error.
|    Use char because int might match the return type of a GCC
|    builtin and then its argument prototype would still apply.  */
| #ifdef __cplusplus
| extern "C"
| #endif
| char _doprnt ();
| /* The GNU C library defines this for functions which it implements
|     to always fail with ENOSYS.  Some functions are actually named
|     something starting with __ and the normal name is an alias.  */
| #if defined __stub__doprnt || defined __stub____doprnt
| choke me
| #endif
| 
| int
| main ()
| {
| return _doprnt ();
|   ;
|   return 0;
| }
configure:7122: result: no
configure:7133: checking whether closedir returns void
configure:7157: gcc -o conftest -g -O2   conftest.c -lpthread  >&5
configure:7157: $? = 0
configure:7157: ./conftest
configure:7157: $? = 0
configure:7167: result: no
configure:7178: checking for dup2
configure:7178: gcc -o conftest -g -O2   conftest.c -lpthread  >&5
configure:7178: $? = 0
configure:7178: result: yes
configure:7178: checking for getcwd
configure:7178: gcc -o conftest -g -O2   conftest.c -lpthread  >&5
configure:7178: $? = 0
configure:7178: result: yes
configure:7178: checking for gethostbyname
configure:7178: gcc -o conftest -g -O2   conftest.c -lpthread  >&5
configure:7178: $? = 0
configure:7178: result: yes
configure:7178: checking for gethostname
configure:7178: gcc -o conftest -g -O2   conftest.c -lpthread  >&5
configure:7178: $? = 0
configure:7178: result: yes
configure:7178: checking for gettimeofday
configure:7178: gcc -o conftest -g -O2   conftest.c -lpthread  >&5
configure:7178: $? = 0
configure:7178: result: yes
configure:7178: checking for memset
configure:7178: gcc -o conftest -g -O2   conftest.c -lpthread  >&5
conftest.c:85:6: warning: conflicting types for built-in function 'memset'
 char memset ();
      ^
configure:7178: $? = 0
configure:7178: result: yes
configure:7178: checking for realpath
configure:7178: gcc -o conftest -g -O2   conftest.c -lpthread  >&5
configure:7178: $? = 0
configure:7178: result: yes
configure:7178: checking for select
configure:7178: gcc -o conftest -g -O2   conftest.c -lpthread  >&5
configure:7178: $? = 0
configure:7178: result: yes
configure:7178: checking for socket
configure:7178: gcc -o conftest -g -O2   conftest.c -lpthread  >&5
configure:7178: $? = 0
configure:7178: result: yes
configure:7178: checking for strcasecmp
configure:7178: gcc -o conftest -g -O2   conftest.c -lpthread  >&5
conftest.c:89:6: warning: conflicting types for built-in function 'strcasecmp'
 char strcasecmp ();
      ^
configure:7178: $? = 0
configure:7178: result: yes
configure:7178: checking for strchr
configure:7178: gcc -o conftest -g -O2   conftest.c -lpthread  >&5
conftest.c:90:6: warning: conflicting types for built-in function 'strchr'
 char strchr ();
      ^
configure:7178: $? = 0
configure:7178: result: yes
configure:7178: checking for strdup
configure:7178: gcc -o conftest -g -O2   conftest.c -lpthread  >&5
conftest.c:91:6: warning: conflicting types for built-in function 'strdup'
 char strdup ();
      ^
configure:7178: $? = 0
configure:7178: result: yes
configure:7178: checking for strerror
configure:7178: gcc -o conftest -g -O2   conftest.c -lpthread  >&5
configure:7178: $? = 0
configure:7178: result: yes
configure:7178: checking for strrchr
configure:7178: gcc -o conftest -g -O2   conftest.c -lpthread  >&5
conftest.c:93:6: warning: conflicting types for built-in function 'strrchr'
 char strrchr ();
      ^
configure:7178: $? = 0
configure:7178: result: yes
configure:7178: checking for strstr
configure:7178: gcc -o conftest -g -O2   conftest.c -lpthread  >&5
conftest.c:94:6: warning: conflicting types for built-in function 'strstr'
 char strstr ();
      ^
configure:7178: $? = 0
configure:7178: result: yes
configure:7178: checking for rmdir
configure:7178: gcc -o conftest -g -O2   conftest.c -lpthread  >&5
configure:7178: $? = 0
configure:7178: result: yes
configure:7178: checking for setenv
configure:7178: gcc -o conftest -g -O2   conftest.c -lpthread  >&5
configure:7178: $? = 0
configure:7178: result: yes
configure:7214: checking host system type
configure:7227: result: x86_64-unknown-linux-gnu
configure:7247: checking for a sed that does not truncate output
configure:7311: result: /bin/sed
configure:7329: checking for fgrep
configure:7391: result: /bin/grep -F
configure:7426: checking for ld used by gcc
configure:7493: result: /usr/bin/ld
configure:7500: checking if the linker (/usr/bin/ld) is GNU ld
configure:7515: result: yes
configure:7527: checking for BSD- or MS-compatible name lister (nm)
configure:7576: result: /usr/bin/nm -B
configure:7694: checking the name lister (/usr/bin/nm -B) interface
configure:7701: gcc -c -g -O2  conftest.c >&5
configure:7704: /usr/bin/nm -B "conftest.o"
configure:7707: output
0000000000000000 B some_variable
configure:7714: result: BSD nm
configure:7718: checking the maximum length of command line arguments
configure:7838: result: 1572864
configure:7855: checking whether the shell understands some XSI constructs
configure:7865: result: yes
configure:7869: checking whether the shell understands "+="
configure:7875: result: yes
configure:7910: checking for /usr/bin/ld option to reload object files
configure:7917: result: -r
configure:7986: checking for objdump
configure:8002: found /usr/bin/objdump
configure:8013: result: objdump
configure:8045: checking how to recognize dependent libraries
configure:8241: result: pass_all
configure:8301: checking for ar
configure:8317: found /usr/bin/ar
configure:8328: result: ar
configure:8406: checking for strip
configure:8422: found /usr/bin/strip
configure:8433: result: strip
configure:8505: checking for ranlib
configure:8521: found /usr/bin/ranlib
configure:8532: result: ranlib
configure:8622: checking command to parse /usr/bin/nm -B output from gcc object
configure:8740: gcc -c -g -O2  conftest.c >&5
configure:8743: $? = 0
configure:8747: /usr/bin/nm -B conftest.o \| sed -n -e 's/^.*[	 ]\([ABCDGIRSTW][ABCDGIRSTW]*\)[	 ][	 ]*\([_A-Za-z][_A-Za-z0-9]*\)$/\1 \2 \2/p' \> conftest.nm
configure:8750: $? = 0
configure:8804: gcc -o conftest -g -O2   conftest.c conftstm.o >&5
configure:8807: $? = 0
configure:8845: result: ok
configure:8940: gcc -c -g -O2  conftest.c >&5
configure:8943: $? = 0
configure:9650: checking for dlfcn.h
configure:9650: gcc -c -g -O2  conftest.c >&5
configure:9650: $? = 0
configure:9650: result: yes
configure:9775: checking for C++ compiler version
configure:9784: g++ --version >&5
g++ (Ubuntu 5.4.0-6ubuntu1~16.04.2) 5.4.0 20160609
Copyright (C) 2015 Free Software Foundation, Inc.
This is free software; see the source for copying conditions.  There is NO
warranty; not even for MERCHANTABILITY or FITNESS FOR A PARTICULAR PURPOSE.

configure:9795: $? = 0
configure:9784: g++ -v >&5
Using built-in specs.
COLLECT_GCC=g++
COLLECT_LTO_WRAPPER=/usr/lib/gcc/x86_64-linux-gnu/5/lto-wrapper
Target: x86_64-linux-gnu
Configured with: ../src/configure -v --with-pkgversion='Ubuntu 5.4.0-6ubuntu1~16.04.2' --with-bugurl=file:///usr/share/doc/gcc-5/README.Bugs --enable-languages=c,ada,c++,java,go,d,fortran,objc,obj-c++ --prefix=/usr --program-suffix=-5 --enable-shared --enable-linker-build-id --libexecdir=/usr/lib --without-included-gettext --enable-threads=posix --libdir=/usr/lib --enable-nls --with-sysroot=/ --enable-clocale=gnu --enable-libstdcxx-debug --enable-libstdcxx-time=yes --with-default-libstdcxx-abi=new --enable-gnu-unique-object --disable-vtable-verify --enable-libmpx --enable-plugin --with-system-zlib --disable-browser-plugin --enable-java-awt=gtk --enable-gtk-cairo --with-java-home=/usr/lib/jvm/java-1.5.0-gcj-5-amd64/jre --enable-java-home --with-jvm-root-dir=/usr/lib/jvm/java-1.5.0-gcj-5-amd64 --with-jvm-jar-dir=/usr/lib/jvm-exports/java-1.5.0-gcj-5-amd64 --with-arch-directory=amd64 --with-ecj-jar=/usr/share/java/eclipse-ecj.jar --enable-objc-gc --enable-multiarch --disable-werror --with-arch-32=i686 --with-abi=m64 --with-multilib-list=m32,m64,mx32 --enable-multilib --with-tune=generic --enable-checking=release --build=x86_64-linux-gnu --host=x86_64-linux-gnu --target=x86_64-linux-gnu
Thread model: posix
gcc version 5.4.0 20160609 (Ubuntu 5.4.0-6ubuntu1~16.04.2) 
configure:9795: $? = 0
configure:9784: g++ -V >&5
g++: error: unrecognized command line option '-V'
g++: fatal error: no input files
compilation terminated.
configure:9795: $? = 1
configure:9784: g++ -qversion >&5
g++: error: unrecognized command line option '-qversion'
g++: fatal error: no input files
compilation terminated.
configure:9795: $? = 1
configure:9799: checking whether we are using the GNU C++ compiler
configure:9827: result: yes
configure:9836: checking whether g++ accepts -g
configure:9897: result: yes
configure:9928: checking how to run the C++ preprocessor
configure:9955: g++ -E  conftest.cpp
configure:9955: $? = 0
configure:9969: g++ -E  conftest.cpp
conftest.cpp:75:28: fatal error: ac_nonexistent.h: No such file or directory
compilation terminated.
configure:9969: $? = 1
configure: failed program was:
| /* confdefs.h */
| #define PACKAGE_NAME "GridWay"
| #define PACKAGE_TARNAME "gridway"
| #define PACKAGE_VERSION "5.8.0"
| #define PACKAGE_STRING "GridWay 5.8.0"
| #define PACKAGE_BUGREPORT "contact@gridway.org"
| #define PACKAGE_URL "http://gridway.org"
| #define PACKAGE "gridway"
| #define VERSION "5.8.0"
| #define HAVE_LIBPTHREAD 1
| #define HAVE_DIRENT_H 1
| #define STDC_HEADERS 1
| #define HAVE_SYS_WAIT_H 1
| #define HAVE_SYS_TYPES_H 1
| #define HAVE_SYS_STAT_H 1
| #define HAVE_STDLIB_H 1
| #define HAVE_STRING_H 1
| #define HAVE_MEMORY_H 1
| #define HAVE_STRINGS_H 1
| #define HAVE_INTTYPES_H 1
| #define HAVE_STDINT_H 1
| #define HAVE_UNISTD_H 1
| #define HAVE_ARPA_INET_H 1
| #define HAVE_FCNTL_H 1
| #define HAVE_INTTYPES_H 1
| #define HAVE_LIBINTL_H 1
| #define HAVE_LIMITS_H 1
| #define HAVE_NETDB_H 1
| #define HAVE_NETINET_IN_H 1
| #define HAVE_STDDEF_H 1
| #define HAVE_STDLIB_H 1
| #define HAVE_STRING_H 1
| #define HAVE_SYS_SOCKET_H 1
| #define HAVE_UNISTD_H 1
| #define HAVE_FLOAT_H 1
| #define HAVE_MALLOC_H 1
| #define TIME_WITH_SYS_TIME 1
| #define HAVE_ALLOCA_H 1
| #define HAVE_ALLOCA 1
| #define HAVE_MBSTATE_T 1
| #define HAVE_FORK 1
| #define HAVE_VFORK 1
| #define HAVE_WORKING_VFORK 1
| #define HAVE_WORKING_FORK 1
| #define HAVE_STDLIB_H 1
| #define HAVE_MALLOC 1
| #define HAVE_STDLIB_H 1
| #define HAVE_REALLOC 1
| #define HAVE_SYS_SELECT_H 1
| #define HAVE_SYS_SOCKET_H 1
| #define SELECT_TYPE_ARG1 int
| #define SELECT_TYPE_ARG234 (fd_set *)
| #define SELECT_TYPE_ARG5 (struct timeval *)
| #define LSTAT_FOLLOWS_SLASHED_SYMLINK 1
| #define HAVE_VPRINTF 1
| #define HAVE_DUP2 1
| #define HAVE_GETCWD 1
| #define HAVE_GETHOSTBYNAME 1
| #define HAVE_GETHOSTNAME 1
| #define HAVE_GETTIMEOFDAY 1
| #define HAVE_MEMSET 1
| #define HAVE_REALPATH 1
| #define HAVE_SELECT 1
| #define HAVE_SOCKET 1
| #define HAVE_STRCASECMP 1
| #define HAVE_STRCHR 1
| #define HAVE_STRDUP 1
| #define HAVE_STRERROR 1
| #define HAVE_STRRCHR 1
| #define HAVE_STRSTR 1
| #define HAVE_RMDIR 1
| #define HAVE_SETENV 1
| #define HAVE_DLFCN_H 1
| /* end confdefs.h.  */
| #include <ac_nonexistent.h>
configure:9994: result: g++ -E
configure:10014: g++ -E  conftest.cpp
configure:10014: $? = 0
configure:10028: g++ -E  conftest.cpp
conftest.cpp:75:28: fatal error: ac_nonexistent.h: No such file or directory
compilation terminated.
configure:10028: $? = 1
configure: failed program was:
| /* confdefs.h */
| #define PACKAGE_NAME "GridWay"
| #define PACKAGE_TARNAME "gridway"
| #define PACKAGE_VERSION "5.8.0"
| #define PACKAGE_STRING "GridWay 5.8.0"
| #define PACKAGE_BUGREPORT "contact@gridway.org"
| #define PACKAGE_URL "http://gridway.org"
| #define PACKAGE "gridway"
| #define VERSION "5.8.0"
| #define HAVE_LIBPTHREAD 1
| #define HAVE_DIRENT_H 1
| #define STDC_HEADERS 1
| #define HAVE_SYS_WAIT_H 1
| #define HAVE_SYS_TYPES_H 1
| #define HAVE_SYS_STAT_H 1
| #define HAVE_STDLIB_H 1
| #define HAVE_STRING_H 1
| #define HAVE_MEMORY_H 1
| #define HAVE_STRINGS_H 1
| #define HAVE_INTTYPES_H 1
| #define HAVE_STDINT_H 1
| #define HAVE_UNISTD_H 1
| #define HAVE_ARPA_INET_H 1
| #define HAVE_FCNTL_H 1
| #define HAVE_INTTYPES_H 1
| #define HAVE_LIBINTL_H 1
| #define HAVE_LIMITS_H 1
| #define HAVE_NETDB_H 1
| #define HAVE_NETINET_IN_H 1
| #define HAVE_STDDEF_H 1
| #define HAVE_STDLIB_H 1
| #define HAVE_STRING_H 1
| #define HAVE_SYS_SOCKET_H 1
| #define HAVE_UNISTD_H 1
| #define HAVE_FLOAT_H 1
| #define HAVE_MALLOC_H 1
| #define TIME_WITH_SYS_TIME 1
| #define HAVE_ALLOCA_H 1
| #define HAVE_ALLOCA 1
| #define HAVE_MBSTATE_T 1
| #define HAVE_FORK 1
| #define HAVE_VFORK 1
| #define HAVE_WORKING_VFORK 1
| #define HAVE_WORKING_FORK 1
| #define HAVE_STDLIB_H 1
| #define HAVE_MALLOC 1
| #define HAVE_STDLIB_H 1
| #define HAVE_REALLOC 1
| #define HAVE_SYS_SELECT_H 1
| #define HAVE_SYS_SOCKET_H 1
| #define SELECT_TYPE_ARG1 int
| #define SELECT_TYPE_ARG234 (fd_set *)
| #define SELECT_TYPE_ARG5 (struct timeval *)
| #define LSTAT_FOLLOWS_SLASHED_SYMLINK 1
| #define HAVE_VPRINTF 1
| #define HAVE_DUP2 1
| #define HAVE_GETCWD 1
| #define HAVE_GETHOSTBYNAME 1
| #define HAVE_GETHOSTNAME 1
| #define HAVE_GETTIMEOFDAY 1
| #define HAVE_MEMSET 1
| #define HAVE_REALPATH 1
| #define HAVE_SELECT 1
| #define HAVE_SOCKET 1
| #define HAVE_STRCASECMP 1
| #define HAVE_STRCHR 1
| #define HAVE_STRDUP 1
| #define HAVE_STRERROR 1
| #define HAVE_STRRCHR 1
| #define HAVE_STRSTR 1
| #define HAVE_RMDIR 1
| #define HAVE_SETENV 1
| #define HAVE_DLFCN_H 1
| /* end confdefs.h.  */
| #include <ac_nonexistent.h>
configure:10234: checking for objdir
configure:10249: result: .libs
configure:10541: checking if gcc supports -fno-rtti -fno-exceptions
configure:10559: gcc -c -g -O2  -fno-rtti -fno-exceptions conftest.c >&5
cc1: warning: command line option '-fno-rtti' is valid for C++/ObjC++ but not for C
configure:10563: $? = 0
configure:10576: result: no
configure:10596: checking for gcc option to produce PIC
configure:10868: result: -fPIC -DPIC
configure:10880: checking if gcc PIC flag -fPIC -DPIC works
configure:10898: gcc -c -g -O2  -fPIC -DPIC -DPIC conftest.c >&5
configure:10902: $? = 0
configure:10915: result: yes
configure:10939: checking if gcc static flag -static works
configure:10967: result: yes
configure:10982: checking if gcc supports -c -o file.o
configure:11003: gcc -c -g -O2  -o out/conftest2.o conftest.c >&5
configure:11007: $? = 0
configure:11029: result: yes
configure:11037: checking if gcc supports -c -o file.o
configure:11084: result: yes
configure:11117: checking whether the gcc linker (/usr/bin/ld -m elf_x86_64) supports shared libraries
configure:12103: result: yes
configure:12140: checking whether -lc should be explicitly linked in
configure:12145: gcc -c -g -O2  conftest.c >&5
configure:12148: $? = 0
configure:12163: gcc -shared conftest.o  -v -Wl,-soname -Wl,conftest -o conftest 2\>\&1 \| /bin/grep  -lc  \>/dev/null 2\>\&1
configure:12166: $? = 0
configure:12178: result: no
configure:12342: checking dynamic linker characteristics
configure:12775: gcc -o conftest -g -O2   -Wl,-rpath -Wl,/foo conftest.c -lpthread  >&5
configure:12775: $? = 0
configure:12993: result: GNU/Linux ld.so
configure:13095: checking how to hardcode library paths into programs
configure:13120: result: immediate
configure:13640: checking whether stripping libraries is possible
configure:13645: result: yes
configure:13680: checking if libtool supports shared libraries
configure:13682: result: yes
configure:13685: checking whether to build shared libraries
configure:13706: result: yes
configure:13709: checking whether to build static libraries
configure:13713: result: yes
configure:13863: checking for ld used by g++
configure:13930: result: /usr/bin/ld -m elf_x86_64
configure:13937: checking if the linker (/usr/bin/ld -m elf_x86_64) is GNU ld
configure:13952: result: yes
configure:14007: checking whether the g++ linker (/usr/bin/ld -m elf_x86_64) supports shared libraries
configure:14920: result: yes
configure:14948: g++ -c -g -O2  conftest.cpp >&5
configure:14951: $? = 0
configure:15133: checking for g++ option to produce PIC
configure:15450: result: -fPIC -DPIC
configure:15459: checking if g++ PIC flag -fPIC -DPIC works
configure:15477: g++ -c -g -O2  -fPIC -DPIC -DPIC conftest.cpp >&5
configure:15481: $? = 0
configure:15494: result: yes
configure:15515: checking if g++ static flag -static works
configure:15543: result: yes
configure:15555: checking if g++ supports -c -o file.o
configure:15576: g++ -c -g -O2  -o out/conftest2.o conftest.cpp >&5
configure:15580: $? = 0
configure:15602: result: yes
configure:15607: checking if g++ supports -c -o file.o
configure:15654: result: yes
configure:15684: checking whether the g++ linker (/usr/bin/ld -m elf_x86_64) supports shared libraries
configure:15710: result: yes
configure:15847: checking dynamic linker characteristics
configure:16228: g++ -o conftest -g -O2   -Wl,-rpath -Wl,/foo conftest.cpp -lpthread  >&5
configure:16228: $? = 0
configure:16446: result: GNU/Linux ld.so
configure:16497: checking how to hardcode library paths into programs
configure:16522: result: immediate
configure:16787: creating ./config.status

## ---------------- ##
## Cache variables. ##
## ---------------- ##

ac_cv_build=x86_64-unknown-linux-gnu
ac_cv_c_compiler_gnu=yes
ac_cv_c_const=yes
ac_cv_c_inline=inline
ac_cv_cxx_compiler_gnu=yes
ac_cv_env_CCC_set=
ac_cv_env_CCC_value=
ac_cv_env_CC_set=
ac_cv_env_CC_value=
ac_cv_env_CFLAGS_set=
ac_cv_env_CFLAGS_value=
ac_cv_env_CPPFLAGS_set=
ac_cv_env_CPPFLAGS_value=
ac_cv_env_CPP_set=
ac_cv_env_CPP_value=
ac_cv_env_CXXCPP_set=
ac_cv_env_CXXCPP_value=
ac_cv_env_CXXFLAGS_set=
ac_cv_env_CXXFLAGS_value=
ac_cv_env_CXX_set=
ac_cv_env_CXX_value=
ac_cv_env_LDFLAGS_set=
ac_cv_env_LDFLAGS_value=
ac_cv_env_LIBS_set=
ac_cv_env_LIBS_value=
ac_cv_env_YACC_set=
ac_cv_env_YACC_value=
ac_cv_env_YFLAGS_set=
ac_cv_env_YFLAGS_value=
ac_cv_env_build_alias_set=
ac_cv_env_build_alias_value=
ac_cv_env_host_alias_set=
ac_cv_env_host_alias_value=
ac_cv_env_target_alias_set=
ac_cv_env_target_alias_value=
ac_cv_func__doprnt=no
ac_cv_func_alloca_works=yes
ac_cv_func_closedir_void=no
ac_cv_func_dup2=yes
ac_cv_func_fnmatch_works=yes
ac_cv_func_fork=yes
ac_cv_func_fork_works=yes
ac_cv_func_getcwd=yes
ac_cv_func_gethostbyname=yes
ac_cv_func_gethostname=yes
ac_cv_func_gettimeofday=yes
ac_cv_func_lstat_dereferences_slashed_symlink=yes
ac_cv_func_malloc_0_nonnull=yes
ac_cv_func_memset=yes
ac_cv_func_realloc_0_nonnull=yes
ac_cv_func_realpath=yes
ac_cv_func_rmdir=yes
ac_cv_func_select=yes
ac_cv_func_select_args='int,fd_set *,struct timeval *'
ac_cv_func_setenv=yes
ac_cv_func_socket=yes
ac_cv_func_stat_empty_string_bug=no
ac_cv_func_strcasecmp=yes
ac_cv_func_strchr=yes
ac_cv_func_strdup=yes
ac_cv_func_strerror=yes
ac_cv_func_strrchr=yes
ac_cv_func_strstr=yes
ac_cv_func_vfork=yes
ac_cv_func_vfork_works=yes
ac_cv_func_vprintf=yes
ac_cv_header_arpa_inet_h=yes
ac_cv_header_dirent_dirent_h=yes
ac_cv_header_dlfcn_h=yes
ac_cv_header_fcntl_h=yes
ac_cv_header_float_h=yes
ac_cv_header_inttypes_h=yes
ac_cv_header_libintl_h=yes
ac_cv_header_limits_h=yes
ac_cv_header_malloc_h=yes
ac_cv_header_memory_h=yes
ac_cv_header_netdb_h=yes
ac_cv_header_netinet_in_h=yes
ac_cv_header_stdc=yes
ac_cv_header_stddef_h=yes
ac_cv_header_stdint_h=yes
ac_cv_header_stdlib_h=yes
ac_cv_header_string_h=yes
ac_cv_header_strings_h=yes
ac_cv_header_sys_select_h=yes
ac_cv_header_sys_socket_h=yes
ac_cv_header_sys_stat_h=yes
ac_cv_header_sys_types_h=yes
ac_cv_header_sys_wait_h=yes
ac_cv_header_time=yes
ac_cv_header_unistd_h=yes
ac_cv_header_vfork_h=no
ac_cv_host=x86_64-unknown-linux-gnu
ac_cv_lib_pthread_pthread_cond_wait=yes
ac_cv_objext=o
ac_cv_path_EGREP='/bin/grep -E'
ac_cv_path_FGREP='/bin/grep -F'
ac_cv_path_GREP=/bin/grep
ac_cv_path_SED=/bin/sed
ac_cv_path_install='/usr/bin/install -c'
ac_cv_path_mkdir=/bin/mkdir
ac_cv_prog_AWK=mawk
ac_cv_prog_CPP='gcc -E'
ac_cv_prog_CXXCPP='g++ -E'
ac_cv_prog_ac_ct_AR=ar
ac_cv_prog_ac_ct_CC=gcc
ac_cv_prog_ac_ct_CXX=g++
ac_cv_prog_ac_ct_OBJDUMP=objdump
ac_cv_prog_ac_ct_RANLIB=ranlib
ac_cv_prog_ac_ct_STRIP=strip
ac_cv_prog_cc_c89=
ac_cv_prog_cc_g=yes
ac_cv_prog_cc_gcc_c_o=yes
ac_cv_prog_cxx_g=yes
ac_cv_prog_make_make_set=yes
ac_cv_search_opendir='none required'
ac_cv_struct_tm=time.h
ac_cv_type_mbstate_t=yes
ac_cv_type_mode_t=yes
ac_cv_type_pid_t=yes
ac_cv_type_size_t=yes
ac_cv_working_alloca_h=yes
am_cv_CC_dependencies_compiler_type=none
am_cv_CXX_dependencies_compiler_type=none
am_cv_prog_tar_ustar=gnutar
lt_cv_deplibs_check_method=pass_all
lt_cv_file_magic_cmd='$MAGIC_CMD'
lt_cv_file_magic_test_file=
lt_cv_ld_reload_flag=-r
lt_cv_nm_interface='BSD nm'
lt_cv_objdir=.libs
lt_cv_path_LD=/usr/bin/ld
lt_cv_path_LDCXX='/usr/bin/ld -m elf_x86_64'
lt_cv_path_NM='/usr/bin/nm -B'
lt_cv_prog_compiler_c_o=yes
lt_cv_prog_compiler_c_o_CXX=yes
lt_cv_prog_compiler_pic_works=yes
lt_cv_prog_compiler_pic_works_CXX=yes
lt_cv_prog_compiler_rtti_exceptions=no
lt_cv_prog_compiler_static_works=yes
lt_cv_prog_compiler_static_works_CXX=yes
lt_cv_prog_gnu_ld=yes
lt_cv_prog_gnu_ldcxx=yes
lt_cv_sys_global_symbol_pipe='sed -n -e '\''s/^.*[	 ]\([ABCDGIRSTW][ABCDGIRSTW]*\)[	 ][	 ]*\([_A-Za-z][_A-Za-z0-9]*\)$/\1 \2 \2/p'\'''
lt_cv_sys_global_symbol_to_c_name_address='sed -n -e '\''s/^: \([^ ]*\) $/  {\"\1\", (void *) 0},/p'\'' -e '\''s/^[ABCDGIRSTW]* \([^ ]*\) \([^ ]*\)$/  {"\2", (void *) \&\2},/p'\'''
lt_cv_sys_global_symbol_to_c_name_address_lib_prefix='sed -n -e '\''s/^: \([^ ]*\) $/  {\"\1\", (void *) 0},/p'\'' -e '\''s/^[ABCDGIRSTW]* \([^ ]*\) \(lib[^ ]*\)$/  {"\2", (void *) \&\2},/p'\'' -e '\''s/^[ABCDGIRSTW]* \([^ ]*\) \([^ ]*\)$/  {"lib\2", (void *) \&\2},/p'\'''
lt_cv_sys_global_symbol_to_cdecl='sed -n -e '\''s/^T .* \(.*\)$/extern int \1();/p'\'' -e '\''s/^[ABCDGIRSTW]* .* \(.*\)$/extern char \1;/p'\'''
lt_cv_sys_max_cmd_len=1572864

## ----------------- ##
## Output variables. ##
## ----------------- ##

ACLOCAL='${SHELL} /home/antonio/Documentos/DRM4G/source_code/gridway-5.8/config/missing --run aclocal-1.11'
ALLOCA=''
AMDEPBACKSLASH='\'
AMDEP_FALSE='#'
AMDEP_TRUE=''
AMTAR='${SHELL} /home/antonio/Documentos/DRM4G/source_code/gridway-5.8/config/missing --run tar'
AR='ar'
AUTOCONF='${SHELL} /home/antonio/Documentos/DRM4G/source_code/gridway-5.8/config/missing --run autoconf'
AUTOHEADER='${SHELL} /home/antonio/Documentos/DRM4G/source_code/gridway-5.8/config/missing --run autoheader'
AUTOMAKE='${SHELL} /home/antonio/Documentos/DRM4G/source_code/gridway-5.8/config/missing --run automake-1.11'
AWK='mawk'
CC='gcc'
CCDEPMODE='depmode=none'
CFLAGS='-g -O2'
CPP='gcc -E'
CPPFLAGS=''
CXX='g++'
CXXCPP='g++ -E'
CXXDEPMODE='depmode=none'
CXXFLAGS='-g -O2'
CYGPATH_W='echo'
DB_FALSE=''
DB_TRUE='#'
DEFS='-DPACKAGE_NAME=\"GridWay\" -DPACKAGE_TARNAME=\"gridway\" -DPACKAGE_VERSION=\"5.8.0\" -DPACKAGE_STRING=\"GridWay\ 5.8.0\" -DPACKAGE_BUGREPORT=\"contact@gridway.org\" -DPACKAGE_URL=\"http://gridway.org\" -DPACKAGE=\"gridway\" -DVERSION=\"5.8.0\" -DHAVE_LIBPTHREAD=1 -DHAVE_DIRENT_H=1 -DSTDC_HEADERS=1 -DHAVE_SYS_WAIT_H=1 -DHAVE_SYS_TYPES_H=1 -DHAVE_SYS_STAT_H=1 -DHAVE_STDLIB_H=1 -DHAVE_STRING_H=1 -DHAVE_MEMORY_H=1 -DHAVE_STRINGS_H=1 -DHAVE_INTTYPES_H=1 -DHAVE_STDINT_H=1 -DHAVE_UNISTD_H=1 -DHAVE_ARPA_INET_H=1 -DHAVE_FCNTL_H=1 -DHAVE_INTTYPES_H=1 -DHAVE_LIBINTL_H=1 -DHAVE_LIMITS_H=1 -DHAVE_NETDB_H=1 -DHAVE_NETINET_IN_H=1 -DHAVE_STDDEF_H=1 -DHAVE_STDLIB_H=1 -DHAVE_STRING_H=1 -DHAVE_SYS_SOCKET_H=1 -DHAVE_UNISTD_H=1 -DHAVE_FLOAT_H=1 -DHAVE_MALLOC_H=1 -DTIME_WITH_SYS_TIME=1 -DHAVE_ALLOCA_H=1 -DHAVE_ALLOCA=1 -DHAVE_MBSTATE_T=1 -DHAVE_FORK=1 -DHAVE_VFORK=1 -DHAVE_WORKING_VFORK=1 -DHAVE_WORKING_FORK=1 -DHAVE_STDLIB_H=1 -DHAVE_MALLOC=1 -DHAVE_STDLIB_H=1 -DHAVE_REALLOC=1 -DHAVE_SYS_SELECT_H=1 -DHAVE_SYS_SOCKET_H=1 -DSELECT_TYPE_ARG1=int -DSELECT_TYPE_ARG234=\(fd_set\ \*\) -DSELECT_TYPE_ARG5=\(struct\ timeval\ \*\) -DLSTAT_FOLLOWS_SLASHED_SYMLINK=1 -DHAVE_VPRINTF=1 -DHAVE_DUP2=1 -DHAVE_GETCWD=1 -DHAVE_GETHOSTBYNAME=1 -DHAVE_GETHOSTNAME=1 -DHAVE_GETTIMEOFDAY=1 -DHAVE_MEMSET=1 -DHAVE_REALPATH=1 -DHAVE_SELECT=1 -DHAVE_SOCKET=1 -DHAVE_STRCASECMP=1 -DHAVE_STRCHR=1 -DHAVE_STRDUP=1 -DHAVE_STRERROR=1 -DHAVE_STRRCHR=1 -DHAVE_STRSTR=1 -DHAVE_RMDIR=1 -DHAVE_SETENV=1 -DHAVE_DLFCN_H=1 -DLT_OBJDIR=\".libs/\"'
DEPDIR='.deps'
DRMAA1_JAVA_FALSE=''
DRMAA1_JAVA_TRUE='#'
DRMAA_JAVA_FALSE=''
DRMAA_JAVA_TRUE='#'
DRMAA_RUBY_FALSE=''
DRMAA_RUBY_TRUE='#'
DSYMUTIL=''
DUMPBIN=''
ECHO_C=''
ECHO_N='-n'
ECHO_T=''
EGREP='/bin/grep -E'
EXEEXT=''
FGREP='/bin/grep -F'
GREP='/bin/grep'
INSTALL_DATA='${INSTALL} -m 644'
INSTALL_PROGRAM='${INSTALL}'
INSTALL_SCRIPT='${INSTALL}'
INSTALL_STRIP_PROGRAM='$(install_sh) -c -s'
JAVAC_PATH=''
JSDL_FALSE=''
JSDL_TRUE='#'
LD='/usr/bin/ld -m elf_x86_64'
LDFLAGS=''
LEX='${SHELL} /home/antonio/Documentos/DRM4G/source_code/gridway-5.8/config/missing --run flex'
LEXLIB=''
LEX_OUTPUT_ROOT=''
LIBOBJS=''
LIBS='-lpthread '
LIBTOOL='$(SHELL) $(top_builddir)/libtool'
LIPO=''
LN_S='ln -s'
LTLIBOBJS=''
MAKEINFO='${SHELL} /home/antonio/Documentos/DRM4G/source_code/gridway-5.8/config/missing --run makeinfo'
MKDIR_P='/bin/mkdir -p'
NM='/usr/bin/nm -B'
NMEDIT=''
OBJDUMP='objdump'
OBJEXT='o'
OTOOL64=''
OTOOL=''
PACKAGE='gridway'
PACKAGE_BUGREPORT='contact@gridway.org'
PACKAGE_NAME='GridWay'
PACKAGE_STRING='GridWay 5.8.0'
PACKAGE_TARNAME='gridway'
PACKAGE_URL='http://gridway.org'
PACKAGE_VERSION='5.8.0'
PATH_SEPARATOR=':'
RANLIB='ranlib'
RUBY=''
SED='/bin/sed'
SET_MAKE=''
SHELL='/bin/bash'
STRIP='strip'
SYSLOG_FALSE=''
SYSLOG_TRUE='#'
TESTS_FALSE=''
TESTS_TRUE='#'
VERSION='5.8.0'
YACC='yacc'
YFLAGS=''
ac_ct_CC='gcc'
ac_ct_CXX='g++'
ac_ct_DUMPBIN=''
am__EXEEXT_FALSE=''
am__EXEEXT_TRUE='#'
am__fastdepCC_FALSE=''
am__fastdepCC_TRUE='#'
am__fastdepCXX_FALSE=''
am__fastdepCXX_TRUE='#'
am__include='include'
am__isrc=''
am__leading_dot='.'
am__quote=''
am__tar='tar --format=ustar -chf - "$$tardir"'
am__untar='tar -xf -'
bindir='${exec_prefix}/bin'
build='x86_64-unknown-linux-gnu'
build_alias=''
build_cpu='x86_64'
build_os='linux-gnu'
build_vendor='unknown'
datadir='${datarootdir}'
datarootdir='${prefix}/share'
docdir='${datarootdir}/doc/${PACKAGE_TARNAME}'
dvidir='${docdir}'
exec_prefix='${prefix}'
host='x86_64-unknown-linux-gnu'
host_alias=''
host_cpu='x86_64'
host_os='linux-gnu'
host_vendor='unknown'
htmldir='${docdir}'
includedir='${prefix}/include'
infodir='${datarootdir}/info'
install_sh='${SHELL} /home/antonio/Documentos/DRM4G/source_code/gridway-5.8/config/install-sh'
java_home=''
libdir='${exec_prefix}/lib'
libexecdir='${exec_prefix}/libexec'
localedir='${datarootdir}/locale'
localstatedir='${prefix}/var'
lt_ECHO='echo'
mandir='${datarootdir}/man'
mkdir_p='/bin/mkdir -p'
oldincludedir='/usr/include'
pdfdir='${docdir}'
prefix='/opt/gridway/5.8.0'
program_transform_name='s,x,x,'
psdir='${docdir}'
sbindir='${exec_prefix}/sbin'
sharedstatedir='${prefix}/com'
sysconfdir='${prefix}/etc'
system='linux'
target_alias=''

## ----------- ##
## confdefs.h. ##
## ----------- ##

/* confdefs.h */
#define PACKAGE_NAME "GridWay"
#define PACKAGE_TARNAME "gridway"
#define PACKAGE_VERSION "5.8.0"
#define PACKAGE_STRING "GridWay 5.8.0"
#define PACKAGE_BUGREPORT "contact@gridway.org"
#define PACKAGE_URL "http://gridway.org"
#define PACKAGE "gridway"
#define VERSION "5.8.0"
#define HAVE_LIBPTHREAD 1
#define HAVE_DIRENT_H 1
#define STDC_HEADERS 1
#define HAVE_SYS_WAIT_H 1
#define HAVE_SYS_TYPES_H 1
#define HAVE_SYS_STAT_H 1
#define HAVE_STDLIB_H 1
#define HAVE_STRING_H 1
#define HAVE_MEMORY_H 1
#define HAVE_STRINGS_H 1
#define HAVE_INTTYPES_H 1
#define HAVE_STDINT_H 1
#define HAVE_UNISTD_H 1
#define HAVE_ARPA_INET_H 1
#define HAVE_FCNTL_H 1
#define HAVE_INTTYPES_H 1
#define HAVE_LIBINTL_H 1
#define HAVE_LIMITS_H 1
#define HAVE_NETDB_H 1
#define HAVE_NETINET_IN_H 1
#define HAVE_STDDEF_H 1
#define HAVE_STDLIB_H 1
#define HAVE_STRING_H 1
#define HAVE_SYS_SOCKET_H 1
#define HAVE_UNISTD_H 1
#define HAVE_FLOAT_H 1
#define HAVE_MALLOC_H 1
#define TIME_WITH_SYS_TIME 1
#define HAVE_ALLOCA_H 1
#define HAVE_ALLOCA 1
#define HAVE_MBSTATE_T 1
#define HAVE_FORK 1
#define HAVE_VFORK 1
#define HAVE_WORKING_VFORK 1
#define HAVE_WORKING_FORK 1
#define HAVE_STDLIB_H 1
#define HAVE_MALLOC 1
#define HAVE_STDLIB_H 1
#define HAVE_REALLOC 1
#define HAVE_SYS_SELECT_H 1
#define HAVE_SYS_SOCKET_H 1
#define SELECT_TYPE_ARG1 int
#define SELECT_TYPE_ARG234 (fd_set *)
#define SELECT_TYPE_ARG5 (struct timeval *)
#define LSTAT_FOLLOWS_SLASHED_SYMLINK 1
#define HAVE_VPRINTF 1
#define HAVE_DUP2 1
#define HAVE_GETCWD 1
#define HAVE_GETHOSTBYNAME 1
#define HAVE_GETHOSTNAME 1
#define HAVE_GETTIMEOFDAY 1
#define HAVE_MEMSET 1
#define HAVE_REALPATH 1
#define HAVE_SELECT 1
#define HAVE_SOCKET 1
#define HAVE_STRCASECMP 1
#define HAVE_STRCHR 1
#define HAVE_STRDUP 1
#define HAVE_STRERROR 1
#define HAVE_STRRCHR 1
#define HAVE_STRSTR 1
#define HAVE_RMDIR 1
#define HAVE_SETENV 1
#define HAVE_DLFCN_H 1
#define LT_OBJDIR ".libs/"

configure: exit 0

## ---------------------- ##
## Running config.status. ##
## ---------------------- ##

This file was extended by GridWay config.status 5.8.0, which was
generated by GNU Autoconf 2.69.  Invocation command line was

  CONFIG_FILES    = 
  CONFIG_HEADERS  = 
  CONFIG_LINKS    = 
  CONFIG_COMMANDS = 
  $ ./config.status 

on diluvio

config.status:1083: creating Makefile
config.status:1083: creating src/Makefile
config.status:1286: executing depfiles commands
config.status:1286: executing libtool commands
