19981207_0700_0800_inter_fm_dga
19981207_0800_0900_inter_fm_dga
19981208_0700_0800_inter_fm_dga
19981208_0800_0900_inter_fm_dga
19981209_0700_0800_inter_fm_dga
19981209_0800_0900_inter_fm_dga
19981210_0700_0800_inter_fm_dga
19981210_0800_0900_inter_fm_dga
19981211_0700_0800_inter_fm_dga
19981211_0800_0900_inter_fm_dga
19981214_0700_0800_inter_fm_dga
19981214_0800_0900_inter_fm_dga
19981215_0700_0800_inter_fm_dga
19981215_0800_0900_inter_fm_dga
19981216_0700_0800_inter_fm_dga
19981216_0800_0900_inter_fm_dga
19981217_0700_0800_inter_fm_dga
19981217_0800_0900_inter_fm_dga
19981218_0700_0800_inter_fm_dga
19981218_0800_0900_inter_fm_dga
19990527_1900_1920_inter_fm_dga
19990607_1900_1920_inter_fm_dga
19990608_1900_1920_inter_fm_dga
19990609_1900_1920_inter_fm_dga
19990610_1900_1920_inter_fm_dga
19990611_1900_1920_inter_fm_dga
19990614_1900_1920_inter_fm_dga
19990616_1900_1920_inter_fm_dga
19990617_1900_1920_inter_fm_dga
19990618_1900_1920_inter_fm_dga
19990621_1900_1920_inter_fm_dga
19990622_1900_1920_inter_fm_dga
19990623_1900_1920_inter_fm_dga
19990624_1900_1920_inter_fm_dga
19990625_1900_1920_inter_fm_dga
20000410_0930_1030_rfi_fm_dga
20000410_1130_1230_rfi_fm_dga
20000414_0930_1030_rfi_fm_dga
20000522_0930_1030_rfi_fm_dga
20000522_1130_1230_rfi_fm_dga
20000523_0930_1030_rfi_fm_dga
20000523_1130_1230_rfi_fm_dga
20000524_0930_1030_rfi_fm_dga
20000524_1130_1230_rfi_fm_dga
20000525_0930_1030_rfi_fm_dga
20000525_1130_1230_rfi_fm_dga
20000907_0930_1030_rfi_fm_dga
20000907_1130_1230_rfi_fm_dga
20000908_0930_1030_rfi_fm_dga
20000908_1130_1230_rfi_fm_dga
20030414_0700_0800_FRANCEINTER_DGA
20030414_0800_0900_FRANCEINTER_DGA
20030414_1200_1300_FRANCEINFO_DGA
20030414_1700_1800_FRANCEINFO_DGA
20030415_0700_0800_FRANCEINTER_DGA
20030415_0800_0900_FRANCEINTER_DGA
20030415_1200_1300_FRANCEINFO_DGA
20030415_1700_1800_FRANCEINFO_DGA
20030416_0700_0800_FRANCEINTER_DGA
20030416_0800_0900_FRANCEINTER_DGA
20030416_1200_1300_FRANCEINFO_DGA
20030416_1700_1800_FRANCEINFO_DGA
20030417_0700_0800_FRANCEINTER_DGA
20030417_0800_0900_FRANCEINTER_DGA
20030417_1200_1300_FRANCEINFO_DGA
20030417_1700_1800_FRANCEINFO_DGA
20030428_1400_1500_RFI_ELDA
20030429_1400_1500_RFI_ELDA
20030430_1400_1500_RFI_ELDA
20030501_1400_1500_RFI_ELDA
20030502_1400_1500_RFI_ELDA
20030505_1400_1500_RFI_ELDA
20030506_1400_1500_RFI_ELDA
20030507_1400_1500_RFI_ELDA
20030619_0700_0710_RTM_ELDA
20030619_1300_1320_RTM_ELDA
20030619_2000_2020_RTM_ELDA
20030619_2300_2310_RTM_ELDA
20030620_0700_0710_RTM_ELDA
20030620_1300_1320_RTM_ELDA
20030620_2000_2020_RTM_ELDA
20030620_2300_2310_RTM_ELDA
20030621_0700_0715_RTM_ELDA
20030621_1300_1315_RTM_ELDA
20030621_2000_2015_RTM_ELDA
20030621_2300_2310_RTM_ELDA
20030622_0700_0710_RTM_ELDA
20030622_1300_1310_RTM_ELDA
20030622_2000_2015_RTM_ELDA
20030622_2300_2310_RTM_ELDA
20030623_0700_0710_RTM_ELDA
20030623_1300_1320_RTM_ELDA
20030623_2000_2015_RTM_ELDA
20030623_2300_2310_RTM_ELDA
20030627_0700_0715_RTM_ELDA
20030627_1300_1320_RTM_ELDA
20030627_2000_2020_RTM_ELDA
20030627_2300_2310_RTM_ELDA
20030628_0700_0715_RTM_ELDA
20030628_1300_1320_RTM_ELDA
20030628_2000_2015_RTM_ELDA
20030628_2300_2310_RTM_ELDA
20030629_0700_0710_RTM_ELDA
20030629_1300_1320_RTM_ELDA
20030629_2000_2010_RTM_ELDA
20030629_2300_2315_RTM_ELDA
20030630_0700_0710_RTM_ELDA
20030630_1300_1320_RTM_ELDA
20030630_2000_2020_RTM_ELDA
20030630_2300_2315_RTM_ELDA
20030701_0700_0715_RTM_ELDA
20030701_1300_1320_RTM_ELDA
20030701_2000_2015_RTM_ELDA
20030701_2300_2310_RTM_ELDA
20030702_0700_0710_RTM_ELDA
20030702_1300_1315_RTM_ELDA
20030702_2000_2020_RTM_ELDA
20030702_2300_2310_RTM_ELDA
20030703_0700_0715_RTM_ELDA
20030703_1300_1320_RTM_ELDA
20030703_2000_2015_RTM_ELDA
20030703_2300_2310_RTM_ELDA
20030704_0700_0715_RTM_ELDA
20030704_1300_1320_RTM_ELDA
20030704_2000_2020_RTM_ELDA
20030704_2300_2310_RTM_ELDA
20030705_0700_0710_RTM_ELDA
20030705_1300_1320_RTM_ELDA
20030705_2000_2015_RTM_ELDA
20030705_2300_2310_RTM_ELDA
20030706_0700_0710_RTM_ELDA
20030706_1300_1315_RTM_ELDA
20030706_2000_2010_RTM_ELDA
20030706_2300_2310_RTM_ELDA
20030707_0700_0710_RTM_ELDA
20030707_1300_1315_RTM_ELDA
20030707_2000_2020_RTM_ELDA
20030707_2300_2310_RTM_ELDA
20030708_0700_0715_RTM_ELDA
20030708_1300_1320_RTM_ELDA
20030708_2000_2020_RTM_ELDA
20030708_2300_2315_RTM_ELDA
20030709_0700_0710_RTM_ELDA
20030709_1300_1320_RTM_ELDA
20030709_2000_2020_RTM_ELDA
20030709_2300_2310_RTM_ELDA
20030710_0700_0715_RTM_ELDA
20030710_1300_1320_RTM_ELDA
20030710_2000_2020_RTM_ELDA
20030710_2300_2310_RTM_ELDA
20030711_0700_0715_RTM_ELDA
20030711_1300_1320_RTM_ELDA
20030711_2000_2020_RTM_ELDA
20030711_2300_2310_RTM_ELDA
20030712_0700_0710_RTM_ELDA
20030712_1300_1315_RTM_ELDA
20030712_2000_2015_RTM_ELDA
20030712_2300_2310_RTM_ELDA
20030713_0700_0710_RTM_ELDA
20030713_1300_1310_RTM_ELDA
20030713_2000_2010_RTM_ELDA
20030713_2300_2310_RTM_ELDA
