  246.7    77.8
   15.3    81.0
  146.1    73.7
  114.7    80.0
  335.0    84.2
  260.5    82.4
  172.1    88.8
  312.3    65.7
  252.2    54.0
  165.9    65.6
  341.8    73.4
  123.2    50.6
  171.0    75.1
   13.0    72.4
   75.8    84.8
  156.8    63.8
  270.5    87.4
   46.5    72.7
   24.1    76.2
  254.7    48.7
  119.7    78.5
  209.0    76.3
   64.3    70.8
   11.7    80.9
   54.1    61.5
  180.4    71.4
   11.2    87.2
  143.7    75.6
  234.8    76.5
  256.4    63.3
  324.3    67.2
  308.7    79.8
  318.8    71.6
   76.9    84.1
  117.5    68.5
   55.3    73.6
  245.9    46.5
  316.6    67.0
  240.0    62.5
  206.1    74.8
  191.1    69.1
  180.2    84.7
  264.7    74.6
  232.4    69.8
   62.6    71.8
  183.8    77.7
  324.2    68.0
  291.0    68.0
  289.8    76.8
  218.5    65.5
  253.6    70.1
   28.6    76.3
   30.7    77.4
   80.5    78.0
  213.9    70.1
  195.9    87.3
  117.4    80.6
  300.1    79.7
  112.1    75.2
  281.0    63.7
  235.2    65.6
  175.3    73.1
  130.5    74.6
  199.4    64.6
   90.9    66.4
  296.5    77.2
  324.4    74.3
   57.2    85.4
  297.2    74.2
  161.0    71.8
   13.0    76.4
  153.0    86.1
   78.5    73.2
  173.1    78.8
  317.7    77.9
  164.1    63.9
   61.4    64.7
  322.8    89.9
  252.2    72.3
  134.0    72.1
  122.7    81.4
  358.0    75.2
  253.3    61.4
  210.5    70.0
  226.3    76.3
  287.9    75.5
  354.6    73.6
   25.5    80.0
  254.9    68.3
  143.1    81.1
  347.6    83.8
  242.4    67.8
  188.5    70.0
  240.2    79.5
  226.6    67.4
  184.5    83.7
   77.9    75.9
  174.1    71.4
   57.9    79.1
   19.8    69.4
