14.294728
12.752633
14.572398
12.294345
8.947779
9.282276
12.817504
11.137538
14.027458
5.821184
8.707966
11.898242
7.803491
4.930419
15.832668
5.513469
9.651349
10.615054
7.579425
9.559089
8.210285
5.809294
7.941837
11.131017
12.245240
18.428206
10.010240
8.619141
10.263384
9.470833
10.264900
7.219038
11.376873
7.977686
13.180093
12.786420
9.773904
10.939331
8.426235
13.380446
16.343948
9.175023
15.431503
13.192551
8.890030
11.814997
11.823612
3.303354
8.850796
17.594214
9.430866
19.309322
8.790780
8.786075
13.207936
6.161622
13.287966
7.099498
7.452653
6.365274
12.410298
12.637514
8.477601
13.558217
7.867959
8.152812
9.741823
9.115096
19.005922
13.234462
18.193967
12.983243
7.950086
9.054450
16.602746
9.816084
10.864649
10.032570
14.922750
16.363413
11.723694
9.243113
5.689154
10.851045
10.523270
9.271120
9.837709
15.208618
11.057052
8.536933
10.204849
11.990806
9.436389
7.291259
8.212967
10.143279
11.227258
8.724546
13.734724
6.872488
8.690433
10.612768
4.488338
9.065863
9.204490
9.125063
7.844354
12.468516
8.618132
11.375580
12.493346
11.635992
12.129268
14.076109
12.933163
14.888107
5.732230
11.011524
12.402900
6.511891
12.087537
15.264489
7.096473
11.042856
6.568485
10.150692
10.867354
11.543252
7.732521
11.542126
4.045527
7.285500
8.313206
5.095264
13.806127
14.084952
11.050283
12.944311
10.084123
14.446366
9.250609
8.618987
9.464471
8.967194
11.600826
8.123954
4.508530
9.198339
10.835208
7.134534
9.324788
12.487866
9.911411
10.763541
10.765275
9.079483
7.850379
10.929279
14.421175
13.337787
12.157420
7.998386
9.946311
7.905164
8.170900
6.806471
13.233613
11.668974
7.793439
9.430177
7.528019
5.413324
9.126577
9.083181
10.883311
8.647475
6.603887
9.696211
8.584112
9.559955
9.044499
7.358493
6.269118
11.199292
6.884811
5.774498
14.018569
11.136033
14.013385
13.907427
5.654299
6.469042
9.444253
9.183834
9.971652
8.312486
12.694071
13.601203
10.941665
13.024592
5.923262
8.483842
10.078711
7.474282
11.191761
16.239670
9.962107
7.644236
1.601878
10.912704
12.023965
12.054720
8.598128
7.388622
12.883164
10.987644
11.887254
12.522345
7.431915
5.542383
6.536624
10.766201
15.435564
11.867807
9.704974
13.107922
7.952867
6.341411
8.882699
4.335044
9.270414
9.432085
10.357342
4.915263
5.278638
12.220859
8.616152
11.391669
9.990228
8.551724
7.593386
13.830250
10.743604
8.217174
10.791195
12.106166
16.595131
8.671767
8.891069
7.626883
10.286749
5.143188
1.620282
9.094786
6.714004
8.218685
11.010771
8.255416
5.210862
8.770466
9.456754
7.739237
12.906214
9.236155
13.875114
12.501093
8.271158
12.010455
12.266509
4.164386
14.834074
4.240389
0.626031
12.903827
10.778372
15.154300
8.875581
9.379760
16.424232
10.080343
12.904040
12.309931
6.508108
10.613999
13.779285
10.825055
14.428510
11.317538
9.560973
10.212212
7.826380
7.427516
11.186395
4.067142
8.049112
12.489666
11.251665
11.455449
15.773506
19.062225
13.759100
7.344390
10.420583
13.874781
11.491252
6.760442
7.783640
7.846973
9.019761
8.823085
8.500079
12.827595
10.883882
9.656473
7.349494
8.034287
10.513540
10.955777
9.285153
10.906426
12.025155
4.212521
9.542239
7.335513
13.767978
5.424722
9.219719
8.809032
14.438366
17.084560
14.490772
1.802909
15.495160
8.911853
14.276736
12.754776
8.324779
12.459751
6.290684
10.365730
7.441387
9.308495
10.195453
13.727002
10.305344
6.353655
5.923720
9.957152
8.163703
11.168674
11.614022
12.777508
13.402588
8.700326
2.748896
13.228281
9.395685
8.796920
13.531814
3.162366
13.015292
8.372221
7.474988
15.294865
13.293632
7.625419
10.763650
18.795721
4.907459
5.338052
8.959207
9.901591
16.386071
12.408661
10.561063
12.937678
7.287050
9.613433
15.110707
12.938371
17.519341
6.597799
11.087171
11.937980
6.941462
11.794025
7.948706
9.658433
16.419437
7.753910
9.822643
14.562322
9.326999
10.901428
10.697418
7.583749
15.072145
15.371040
10.146496
10.463744
9.542036
6.417957
4.516531
3.166778
10.925752
8.312592
6.382586
16.205628
10.740023
8.800284
13.028624
6.977894
7.211693
6.512941
7.224437
8.833579
5.368384
13.389559
10.431342
7.466269
11.035060
10.811765
11.764807
10.785369
6.834413
13.424605
12.771036
6.494691
8.738780
13.516076
8.107416
17.159380
9.017197
9.702088
8.241751
10.315823
6.191720
11.381279
7.941506
12.956071
8.967211
11.462435
11.067380
8.088643
9.927607
9.102218
12.905834
8.928687
9.744910
12.509540
12.778437
12.200910
9.136329
0.416916
10.846293
15.161369
9.071517
6.792840
13.373829
11.233364
13.019830
9.211624
9.349030
13.827280
13.801651
14.505718
10.388010
10.088000
11.696297
11.838698
18.263986
7.386177
9.172684
11.770129
9.153407
7.104441
10.819966
12.426111
7.780298
11.292274
8.007817
7.751851
4.712077
9.396928
12.635068
14.092544
3.850149
10.649734
11.204239
4.304274
10.198388
10.984487
7.242428
11.629648
9.396049
15.472316
11.437030
9.056734
5.994364
9.526583
11.057161
12.014745
9.169327
11.907747
10.931803
11.910380
15.219206
13.210646
7.006411
9.214289
9.257321
4.793264
7.223353
7.278505
11.789185
9.538991
13.595590
7.625201
11.607449
5.808407
8.644615
6.590460
12.908358
13.834444
4.775718
7.058631
6.876034
10.440652
7.779970
7.400719
9.202650
11.366534
14.509989
8.651095
7.172245
13.725649
7.336676
8.661920
2.708244
7.751279
8.842935
9.468873
9.720154
10.609596
10.566135
15.608069
9.355529
11.822233
12.175014
14.936566
9.655415
12.769849
9.800219
9.881125
9.560180
14.791456
14.014551
10.031042
9.977052
11.475141
5.346753
7.551165
10.904508
17.184438
8.976767
11.535415
13.195479
10.642324
11.144605
4.395409
13.793964
13.035579
9.031429
10.458284
8.459570
12.468690
5.715861
10.325876
9.469985
11.527637
12.835490
7.606181
13.800400
5.213180
14.133324
11.713630
9.014812
8.134165
11.718754
6.056667
9.688864
9.982824
10.050808
11.955940
12.255201
10.523595
4.885772
9.707780
18.008807
7.653617
4.012984
5.977228
6.332779
10.275323
6.990583
10.394361
5.288015
13.659877
2.858124
9.732876
10.020867
12.518185
11.300142
9.172827
9.584524
12.308099
10.207886
6.543502
9.086449
7.590083
5.279165
10.703326
12.020374
8.304752
14.868184
9.506437
11.596178
8.356454
9.241921
21.136838
13.112465
8.894863
10.331466
3.684492
10.468173
3.065250
12.723336
11.074416
10.030067
6.418437
4.867481
12.818129
13.578696
3.855116
9.611098
5.249969
9.634494
14.814206
11.098567
12.666523
8.300606
9.499853
12.490981
10.646166
10.437366
7.354838
7.186005
5.913473
9.278443
9.487791
7.617751
10.367174
9.316273
9.818951
8.276310
6.246245
11.563588
10.439366
8.518566
12.618987
12.421853
7.764762
9.178417
10.973415
10.393216
20.820946
9.068083
10.496818
12.599931
8.372416
13.173596
5.769426
13.976712
9.241639
11.070762
9.676471
8.637410
11.053070
9.038948
15.101666
10.034300
13.842661
9.953603
11.865733
5.019625
3.246586
9.763755
9.174435
14.496445
9.232708
9.445300
5.524148
4.272469
9.608569
11.292621
12.031851
15.002982
11.598050
10.436183
10.851873
11.633569
13.753184
11.595943
5.848270
11.609356
8.665794
12.433588
10.480744
8.580913
8.820019
14.192347
5.756258
8.169784
9.611139
7.421930
10.533313
12.613407
12.375781
8.893876
12.646298
12.684341
6.996866
8.323894
13.443600
10.046296
9.633373
13.585970
13.146835
10.808559
10.835540
3.709600
8.572435
8.538856
14.560219
8.534860
14.960007
12.020526
8.561718
11.339663
11.209582
13.449029
5.013612
8.481236
13.718799
5.539481
11.534226
7.726496
11.478188
8.869207
7.832449
10.523312
9.895044
6.154015
11.033094
9.619743
10.710650
9.691154
7.448863
12.815631
11.193229
9.791734
13.436192
12.070362
10.407924
13.510951
14.446334
8.575125
7.262513
8.444356
11.533931
11.105201
11.065524
10.625097
1.760845
9.851142
6.919043
6.562802
9.642507
12.339865
12.794406
13.867557
14.804135
9.808126
6.826890
7.672591
9.769023
0.983861
8.589065
11.105279
5.191620
7.055353
8.934028
11.976933
2.905500
11.596414
12.096370
8.396869
14.781980
9.437702
9.059626
13.499673
6.357034
6.299899
5.023506
5.086715
8.467945
11.488036
14.866155
15.230899
7.352902
9.552758
11.733267
7.630157
14.342471
12.320932
10.419625
7.990556
7.944331
12.820672
5.275867
15.934895
3.130355
9.793761
7.354970
11.915575
13.633709
5.634930
4.855841
12.909978
13.959333
10.096237
10.474798
9.510042
8.232742
12.117401
8.559164
11.479183
12.503639
7.810180
8.335345
11.127905
11.972125
6.566195
11.330901
15.689957
10.639155
10.770109
14.250381
15.489112
10.166405
8.910007
10.405759
9.765042
11.953008
4.356152
3.567323
9.515576
12.289546
8.590244
11.294720
12.844580
9.545173
10.641328
12.170505
9.455716
12.511446
12.543673
12.066826
13.171231
8.537538
10.782024
10.422627
9.102152
10.960284
5.574964
15.606081
5.387383
8.737521
8.685589
11.503544
12.037985
13.400882
9.148178
7.376545
5.194336
11.520719
17.402935
13.114931
11.023617
8.802770
12.437459
10.929356
8.268680
11.349892
11.264719
5.313658
2.716164
14.374450
14.199864
7.547721
7.891618
3.606031
10.210582
9.958386
10.783269
11.172924
7.905688
6.550472
4.759601
4.244150
10.356167
6.750678
2.520200
8.438060
8.889045
8.651452
14.335505
9.288914
10.274888
9.314662
9.074581
13.528733
8.988550
9.377481
8.094797
8.487644
14.692784
13.459738
9.581365
7.026508
5.444780
10.278550
9.214206
9.779802
10.953242
7.521986
9.168177
9.633567
9.143547
12.301109
13.589315
9.753373
10.442300
7.594829
9.462750
10.196348
13.026658
6.104814
11.266651
10.354641
14.184920
14.035335
10.838589
10.758855
3.824720
13.760152
8.198988
9.867634
10.563023
11.401280
9.873637
14.553866
9.180665
9.385440
5.394707
18.812818
10.784052
13.453750
11.898490
12.429178
11.270044
8.086271
10.985970
9.231579
12.870654
9.236409
10.775447
13.923306
5.557637
11.917977
14.283673
14.169948
13.376593
9.093882
10.584324
8.084305
12.445921
16.285323
9.019857
10.809304
