Welcome to - Atomistica -

   Atomistica revision:  
   Atomistica rev date:  
   Atomistica URL:       

   architecture:         x86_64

   build host:           PC-L235
   build date:           Jul 19 2016 22:11:26
   compiler version:     numpy-distutils
   compile options:      

   run date:             Feb 22 2017 20:59:21

- materials_read_database -
     Looking for tables in directory '/cygdrive/d/Datenbanken/DFTB/mio-1-1'.

- materials_read_elements_hotbit -
     No 'elements.dat' found in database directory. Skipping.

- materials_read_elements_bopfox -
     No 'atoms.bx' found in database directory. Skipping.

- materials_read_sltab_hotbit -

- materials_read_sltab_dftb -
     DFTB tables for H-H found.
     WARNING: Overriding self-energies and Hubbard-U from 'elements.dat'.
     DFTB tables for H-C found.
     DFTB tables for H-N found.
     DFTB tables for H-O found.
     DFTB tables for H-P found.
     DFTB tables for H-S found.
     DFTB tables for C-H found.
     DFTB tables for C-C found.
     WARNING: Overriding self-energies and Hubbard-U from 'elements.dat'.
     DFTB tables for C-N found.
     DFTB tables for C-O found.
     DFTB tables for C-P found.
     DFTB tables for C-S found.
     DFTB tables for N-H found.
     DFTB tables for N-C found.
     DFTB tables for N-N found.
     WARNING: Overriding self-energies and Hubbard-U from 'elements.dat'.
     DFTB tables for N-O found.
     DFTB tables for N-P found.
     DFTB tables for N-S found.
     DFTB tables for O-H found.
     DFTB tables for O-C found.
     DFTB tables for O-N found.
     DFTB tables for O-O found.
     WARNING: Overriding self-energies and Hubbard-U from 'elements.dat'.
     DFTB tables for O-P found.
     DFTB tables for O-S found.
     DFTB tables for P-H found.
     DFTB tables for P-C found.
     DFTB tables for P-N found.
     DFTB tables for P-O found.
     DFTB tables for P-P found.
     WARNING: Overriding self-energies and Hubbard-U from 'elements.dat'.
     DFTB tables for P-S found.
     DFTB tables for S-H found.
     DFTB tables for S-C found.
     DFTB tables for S-N found.
     DFTB tables for S-O found.
     DFTB tables for S-P found.
     DFTB tables for S-S found.
     WARNING: Overriding self-energies and Hubbard-U from 'elements.dat'.

- materials_read_sltab_bopfox -
     No 'bonds.bx' file found in database directory. Skipping.

- materials_read_spin_params -
     No spin parameters found, expecting non-spin-polarized calculation.
     element number charge orbitals Hubbard-U on-site levels
     ======= ====== ====== ======== ========= ==============
          H       1  1.000      s      11.415    -6.493
          C       6  4.000      sp      9.924   -13.739    -5.289    -5.289    -5.289
          N       7  4.000      sp     11.725   -17.415    -7.095    -7.095    -7.095
          O       8  4.000      sp     13.481   -23.914    -9.038    -9.038    -9.038
          P      15  4.000      sp      7.875   -13.895    -5.518    -5.518    -5.518
          S      16  4.000      sp      8.947   -17.143    -7.021    -7.021    -7.021

- dense_solver_lapack_init -
     Using divide-and-conquer driver

- slater_charges_init -

 - particles_update_elements -
     1 elements found.
     1 = H  (     3 atoms found)

 - particles_update_elements -
     2 elements found.
     1 = H  (     2 atoms found)
     2 = O  (     1 atoms found)

- dense_notb_bind_to -
     The tight-binding module has been compiled for real arithmetics.
- neighbors_request_interaction_range -
     old interaction range  = .00000000000000000
     request                = 5.27060540004000000

- dense_scc_internal_init -
     dq_crit              = .00010000000000000
     miximg               = .20000000000000001
     andersen_memory      = 3
     max_nit              = 100
     extrapolation_memory = 3

- slater_charges_set_Hubbard_U -
     U =   0.11415180663950000E+02  0.13480525627940001E+02

- slater_charges_bind_to -
     elements = *
- neighbors_request_interaction_range -
     old interaction range  = 5.27060540004000000
     request                = 10.00000000000000000

     cutoff   = 10.00000000000000000

- neighbors_update -
     Initializing neighbor list.
     interaction_range  =        10.0000000000
     verlet_shell       =         0.0000000000
     cutoff             =        10.0000000000
     avgn               =       1000
     Memory estimate: .09161376953125000  MB

- neighbors_binning_init -
     Binning enabled.
     cutoff     =     10.000
     box_size   = (     20.000    21.526    20.596 )
     n_cells    = (          3         3         3 )
     cell_size  = (      6.667     0.000     0.000     0.000     7.175     0.000     0.000     0.000     6.865 )

       scc|   it      sum(q)     max(dq)      mu[eV]     dmu[eV]
               1       0.000   7.103E-01  -1.006E+01
               2      -0.000   6.460E-01  -9.942E+00   1.151E-01
               3      -0.000   5.817E-01  -9.827E+00   1.151E-01
               4      -0.000   5.173E-01  -9.712E+00   1.150E-01
               5      -0.000   4.527E-01  -9.597E+00   1.150E-01
               6      -0.000   3.881E-01  -9.482E+00   1.150E-01
               7      -0.000   3.235E-01  -9.367E+00   1.150E-01
               8      -0.000   2.587E-01  -9.252E+00   1.149E-01
               9       0.000   1.951E-01  -9.137E+00   1.149E-01
              10      -0.000   1.306E-01  -7.818E+00   1.319E+00
              11       0.000   6.559E-02  -7.705E+00   1.124E-01
              12      -0.000   4.043E-02  -7.593E+00   1.124E-01
              13      -0.000   2.990E-02  -7.570E+00   2.271E-02
              14      -0.000   2.211E-02  -7.554E+00   1.680E-02
              15      -0.000   4.745E-03  -7.541E+00   1.242E-02
              16      -0.000   3.722E-06  -7.506E+00   3.527E-02

   simulation started:  Feb 22 2017 20:59:21
   simulation ended:    Feb 22 2017 20:59:21

====> TIMINGS <====
                                                                   time[s]     calls
                                                                   -------     -----
 MDCORE                                                              0.354         1
   - dense_hamiltonian_update_orbitals                               0.000         1
   - dense_notb_energy_and_forces                                    0.002         1
       - fill_neighbor_list                                          0.000         1
       - dense_hamiltonian_update_orbitals                           0.000         1
       - hs_setup                                                    0.000         1
       - scc_establish_self_consistency                              0.002         1
           - slater_charges_potential                                0.000        16
               - fill_neighbor_list                                  0.000         2
               - ** remainder **                                     0.000
           - solver_lapack_diag                                      0.001        16
               - LAPACK dsygvd                                       0.001        16
               - occupy                                              0.000        16
               - construct_density_and_energy_matrix                 0.000        16
               - ** remainder **                                     0.000
           - solver_lapack_mulliken                                  0.000        16
           - ** remainder **                                         0.001
       - forces                                                      0.000         1
       - solver_lapack_e_bs                                          0.000         1
       - ** remainder **                                             0.000
   - slater_charges_energy_and_forces                                0.000         1
   - ** remainder **                                                 0.352
